  [1m[35m (445.6ms)[0m  [1m[35mCREATE DATABASE "sample_development" ENCODING = 'unicode'[0m
  â†³ bin/rails:9
  [1m[35m (337.6ms)[0m  [1m[35mCREATE DATABASE "sample_test" ENCODING = 'unicode'[0m
  â†³ bin/rails:9
Started GET "/" for ::1 at 2019-07-08 18:49:58 +0900
Processing by Rails::WelcomeController#index as HTML
  Rendering /Users/hikichi/.rbenv/versions/2.5.0/lib/ruby/gems/2.5.0/gems/railties-5.2.3/lib/rails/templates/rails/welcome/index.html.erb
  Rendered /Users/hikichi/.rbenv/versions/2.5.0/lib/ruby/gems/2.5.0/gems/railties-5.2.3/lib/rails/templates/rails/welcome/index.html.erb (4.1ms)
Completed 200 OK in 22ms (Views: 10.8ms | ActiveRecord: 0.0ms)


Started GET "/" for ::1 at 2019-08-17 22:56:06 +0900
Processing by Rails::WelcomeController#index as HTML
  Rendering /Users/hikichi/.rbenv/versions/2.5.0/lib/ruby/gems/2.5.0/gems/railties-5.2.3/lib/rails/templates/rails/welcome/index.html.erb
  Rendered /Users/hikichi/.rbenv/versions/2.5.0/lib/ruby/gems/2.5.0/gems/railties-5.2.3/lib/rails/templates/rails/welcome/index.html.erb (3.5ms)
Completed 200 OK in 24ms (Views: 11.2ms | ActiveRecord: 0.0ms)


  [1m[35m (1.1ms)[0m  [1m[35mCREATE DATABASE "sample_development" ENCODING = 'unicode'[0m
  â†³ bin/rails:9
  [1m[35m (0.5ms)[0m  [1m[35mCREATE DATABASE "sample_test" ENCODING = 'unicode'[0m
  â†³ bin/rails:9
Started GET "/" for ::1 at 2019-10-14 17:57:26 +0900
Processing by Rails::WelcomeController#index as HTML
  Rendering /Users/hikichi/.rbenv/versions/2.5.0/lib/ruby/gems/2.5.0/gems/railties-5.2.3/lib/rails/templates/rails/welcome/index.html.erb
  Rendered /Users/hikichi/.rbenv/versions/2.5.0/lib/ruby/gems/2.5.0/gems/railties-5.2.3/lib/rails/templates/rails/welcome/index.html.erb (3.4ms)
Completed 200 OK in 26ms (Views: 12.4ms | ActiveRecord: 0.0ms)


Started GET "/blogs" for ::1 at 2019-10-14 18:09:05 +0900
Processing by BlogsController#index as HTML
  Rendering blogs/index.html.erb within layouts/application
  Rendered blogs/index.html.erb within layouts/application (1.0ms)
Completed 200 OK in 754ms (Views: 743.5ms | ActiveRecord: 0.0ms)


  [1m[35m (0.6ms)[0m  [1m[35mCREATE DATABASE "sample_development" ENCODING = 'unicode'[0m
  â†³ bin/rails:9
  [1m[35m (0.6ms)[0m  [1m[35mCREATE DATABASE "sample_test" ENCODING = 'unicode'[0m
  â†³ bin/rails:9
  [1m[35m (41.6ms)[0m  [1m[35mCREATE TABLE "schema_migrations" ("version" character varying NOT NULL PRIMARY KEY)[0m
  â†³ bin/rails:9
  [1m[35m (5.2ms)[0m  [1m[35mCREATE TABLE "ar_internal_metadata" ("key" character varying NOT NULL PRIMARY KEY, "value" character varying, "created_at" timestamp NOT NULL, "updated_at" timestamp NOT NULL)[0m
  â†³ bin/rails:9
  [1m[35m (0.5ms)[0m  [1m[34mSELECT pg_try_advisory_lock(7395633852180811650)[0m
  â†³ bin/rails:9
  [1m[35m (1.2ms)[0m  [1m[34mSELECT "schema_migrations"."version" FROM "schema_migrations" ORDER BY "schema_migrations"."version" ASC[0m
  â†³ bin/rails:9
Migrating to CreateBlogs (20191014091530)
  [1m[35m (0.2ms)[0m  [1m[35mBEGIN[0m
  â†³ bin/rails:9
  [1m[35m (6.6ms)[0m  [1m[35mCREATE TABLE "blogs" ("id" bigserial primary key, "title" character varying, "content" text)[0m
  â†³ db/migrate/20191014091530_create_blogs.rb:3
  [1m[36mActiveRecord::SchemaMigration Create (1.0ms)[0m  [1m[32mINSERT INTO "schema_migrations" ("version") VALUES ($1) RETURNING "version"[0m  [["version", "20191014091530"]]
  â†³ bin/rails:9
  [1m[35m (0.5ms)[0m  [1m[35mCOMMIT[0m
  â†³ bin/rails:9
  [1m[36mActiveRecord::InternalMetadata Load (0.4ms)[0m  [1m[34mSELECT  "ar_internal_metadata".* FROM "ar_internal_metadata" WHERE "ar_internal_metadata"."key" = $1 LIMIT $2[0m  [["key", "environment"], ["LIMIT", 1]]
  â†³ bin/rails:9
  [1m[35m (0.2ms)[0m  [1m[35mBEGIN[0m
  â†³ bin/rails:9
  [1m[36mActiveRecord::InternalMetadata Create (0.6ms)[0m  [1m[32mINSERT INTO "ar_internal_metadata" ("key", "value", "created_at", "updated_at") VALUES ($1, $2, $3, $4) RETURNING "key"[0m  [["key", "environment"], ["value", "development"], ["created_at", "2019-10-23 01:36:53.038588"], ["updated_at", "2019-10-23 01:36:53.038588"]]
  â†³ bin/rails:9
  [1m[35m (0.4ms)[0m  [1m[35mCOMMIT[0m
  â†³ bin/rails:9
  [1m[35m (0.4ms)[0m  [1m[34mSELECT pg_advisory_unlock(7395633852180811650)[0m
  â†³ bin/rails:9
  [1m[35m (0.3ms)[0m  [1m[34mSELECT "schema_migrations"."version" FROM "schema_migrations" ORDER BY "schema_migrations"."version" ASC[0m
  â†³ bin/rails:9
  [1m[35m (0.2ms)[0m  [1m[34mSELECT pg_try_advisory_lock(7395633852180811650)[0m
  â†³ bin/rails:9
  [1m[35m (1.4ms)[0m  [1m[34mSELECT "schema_migrations"."version" FROM "schema_migrations" ORDER BY "schema_migrations"."version" ASC[0m
  â†³ bin/rails:9
  [1m[36mActiveRecord::InternalMetadata Load (0.5ms)[0m  [1m[34mSELECT  "ar_internal_metadata".* FROM "ar_internal_metadata" WHERE "ar_internal_metadata"."key" = $1 LIMIT $2[0m  [["key", "environment"], ["LIMIT", 1]]
  â†³ bin/rails:9
  [1m[35m (1.4ms)[0m  [1m[35mBEGIN[0m
  â†³ bin/rails:9
  [1m[35m (0.2ms)[0m  [1m[35mCOMMIT[0m
  â†³ bin/rails:9
  [1m[35m (0.2ms)[0m  [1m[34mSELECT pg_advisory_unlock(7395633852180811650)[0m
  â†³ bin/rails:9
  [1m[35m (0.4ms)[0m  [1m[34mSELECT "schema_migrations"."version" FROM "schema_migrations" ORDER BY "schema_migrations"."version" ASC[0m
  â†³ bin/rails:9
  [1m[35m (0.7ms)[0m  [1m[35mCREATE DATABASE "sample_development" ENCODING = 'unicode'[0m
  â†³ bin/rails:9
  [1m[35m (0.6ms)[0m  [1m[35mCREATE DATABASE "sample_test" ENCODING = 'unicode'[0m
  â†³ bin/rails:9
  [1m[35m (0.5ms)[0m  [1m[34mSELECT "schema_migrations"."version" FROM "schema_migrations" ORDER BY "schema_migrations"."version" ASC[0m
  â†³ bin/rails:9
  [1m[35m (0.2ms)[0m  [1m[35mBEGIN[0m
  [1m[36mBlog Create (1.8ms)[0m  [1m[32mINSERT INTO "blogs" ("title", "content") VALUES ($1, $2) RETURNING "id"[0m  [["title", "Hello!"], ["content", "Today is ..."]]
  [1m[35m (0.7ms)[0m  [1m[35mCOMMIT[0m
  [1m[36mBlog Load (0.6ms)[0m  [1m[34mSELECT  "blogs".* FROM "blogs" LIMIT $1[0m  [["LIMIT", 11]]
  [1m[36mBlog Load (0.7ms)[0m  [1m[34mSELECT  "blogs".* FROM "blogs" LIMIT $1[0m  [["LIMIT", 11]]
  [1m[35m (0.3ms)[0m  [1m[35mBEGIN[0m
  [1m[36mBlog Create (0.8ms)[0m  [1m[32mINSERT INTO "blogs" ("title", "content") VALUES ($1, $2) RETURNING "id"[0m  [["title", "Im fine."], ["content", "Hows it going?"]]
  [1m[35m (1.1ms)[0m  [1m[35mCOMMIT[0m
Started GET "/" for ::1 at 2019-10-23 12:01:37 +0900
  [1m[35m (0.7ms)[0m  [1m[34mSELECT "schema_migrations"."version" FROM "schema_migrations" ORDER BY "schema_migrations"."version" ASC[0m
  â†³ /Users/hikichi/.rbenv/versions/2.5.0/lib/ruby/gems/2.5.0/gems/activerecord-5.2.3/lib/active_record/log_subscriber.rb:98
Processing by Rails::WelcomeController#index as HTML
  Rendering /Users/hikichi/.rbenv/versions/2.5.0/lib/ruby/gems/2.5.0/gems/railties-5.2.3/lib/rails/templates/rails/welcome/index.html.erb
  Rendered /Users/hikichi/.rbenv/versions/2.5.0/lib/ruby/gems/2.5.0/gems/railties-5.2.3/lib/rails/templates/rails/welcome/index.html.erb (4.6ms)
Completed 200 OK in 32ms (Views: 18.2ms | ActiveRecord: 0.0ms)


Started GET "/" for ::1 at 2019-10-23 12:06:01 +0900
  [1m[35m (0.8ms)[0m  [1m[34mSELECT "schema_migrations"."version" FROM "schema_migrations" ORDER BY "schema_migrations"."version" ASC[0m
  â†³ /Users/hikichi/.rbenv/versions/2.5.0/lib/ruby/gems/2.5.0/gems/activerecord-5.2.3/lib/active_record/log_subscriber.rb:98
Processing by Rails::WelcomeController#index as HTML
  Rendering /Users/hikichi/.rbenv/versions/2.5.0/lib/ruby/gems/2.5.0/gems/railties-5.2.3/lib/rails/templates/rails/welcome/index.html.erb
  Rendered /Users/hikichi/.rbenv/versions/2.5.0/lib/ruby/gems/2.5.0/gems/railties-5.2.3/lib/rails/templates/rails/welcome/index.html.erb (3.0ms)
Completed 200 OK in 24ms (Views: 11.5ms | ActiveRecord: 0.0ms)


Started GET "/new" for ::1 at 2019-10-23 12:07:42 +0900
  
ActionController::RoutingError (No route matches [GET] "/new"):
  
actionpack (5.2.3) lib/action_dispatch/middleware/debug_exceptions.rb:65:in `call'
web-console (3.7.0) lib/web_console/middleware.rb:135:in `call_app'
web-console (3.7.0) lib/web_console/middleware.rb:30:in `block in call'
web-console (3.7.0) lib/web_console/middleware.rb:20:in `catch'
web-console (3.7.0) lib/web_console/middleware.rb:20:in `call'
actionpack (5.2.3) lib/action_dispatch/middleware/show_exceptions.rb:33:in `call'
railties (5.2.3) lib/rails/rack/logger.rb:38:in `call_app'
railties (5.2.3) lib/rails/rack/logger.rb:26:in `block in call'
activesupport (5.2.3) lib/active_support/tagged_logging.rb:71:in `block in tagged'
activesupport (5.2.3) lib/active_support/tagged_logging.rb:28:in `tagged'
activesupport (5.2.3) lib/active_support/tagged_logging.rb:71:in `tagged'
railties (5.2.3) lib/rails/rack/logger.rb:26:in `call'
sprockets-rails (3.2.1) lib/sprockets/rails/quiet_assets.rb:13:in `call'
actionpack (5.2.3) lib/action_dispatch/middleware/remote_ip.rb:81:in `call'
actionpack (5.2.3) lib/action_dispatch/middleware/request_id.rb:27:in `call'
rack (2.0.7) lib/rack/method_override.rb:22:in `call'
rack (2.0.7) lib/rack/runtime.rb:22:in `call'
activesupport (5.2.3) lib/active_support/cache/strategy/local_cache_middleware.rb:29:in `call'
actionpack (5.2.3) lib/action_dispatch/middleware/executor.rb:14:in `call'
actionpack (5.2.3) lib/action_dispatch/middleware/static.rb:127:in `call'
rack (2.0.7) lib/rack/sendfile.rb:111:in `call'
railties (5.2.3) lib/rails/engine.rb:524:in `call'
puma (3.12.1) lib/puma/configuration.rb:227:in `call'
puma (3.12.1) lib/puma/server.rb:660:in `handle_request'
puma (3.12.1) lib/puma/server.rb:474:in `process_client'
puma (3.12.1) lib/puma/server.rb:334:in `block in run'
puma (3.12.1) lib/puma/thread_pool.rb:135:in `block in spawn_thread'
Started GET "/blogs/new" for ::1 at 2019-10-23 12:15:30 +0900
  [1m[35m (0.6ms)[0m  [1m[34mSELECT "schema_migrations"."version" FROM "schema_migrations" ORDER BY "schema_migrations"."version" ASC[0m
  â†³ /Users/hikichi/.rbenv/versions/2.5.0/lib/ruby/gems/2.5.0/gems/activerecord-5.2.3/lib/active_record/log_subscriber.rb:98
Processing by BlogsController#new as HTML
  Rendering blogs/new.html.erb within layouts/application
  Rendered blogs/new.html.erb within layouts/application (38.7ms)
Completed 200 OK in 298ms (Views: 283.9ms | ActiveRecord: 5.1ms)


Started GET "/blogs/new" for ::1 at 2019-10-23 12:20:21 +0900
Processing by BlogsController#new as HTML
  Rendering blogs/new.html.erb within layouts/application
  Rendered blogs/new.html.erb within layouts/application (7.1ms)
Completed 500 Internal Server Error in 29ms (ActiveRecord: 6.4ms)


  
ActionView::Template::Error (undefined method `new' for #<Blog id: nil, title: nil, content: nil>):
    1: <%= form_with(model: @blog.new, local: true) do |form| %>
    2:   <div class="blog_title">
    3:     <%= form.label :title %>
    4:     <%= form.text_field :title %>
  
app/views/blogs/new.html.erb:1:in `_app_views_blogs_new_html_erb___379300106315465633_70282821803560'
Started GET "/" for ::1 at 2019-10-23 12:21:13 +0900
  [1m[35m (0.5ms)[0m  [1m[34mSELECT "schema_migrations"."version" FROM "schema_migrations" ORDER BY "schema_migrations"."version" ASC[0m
  â†³ /Users/hikichi/.rbenv/versions/2.5.0/lib/ruby/gems/2.5.0/gems/activerecord-5.2.3/lib/active_record/log_subscriber.rb:98
Processing by Rails::WelcomeController#index as HTML
  Rendering /Users/hikichi/.rbenv/versions/2.5.0/lib/ruby/gems/2.5.0/gems/railties-5.2.3/lib/rails/templates/rails/welcome/index.html.erb
  Rendered /Users/hikichi/.rbenv/versions/2.5.0/lib/ruby/gems/2.5.0/gems/railties-5.2.3/lib/rails/templates/rails/welcome/index.html.erb (3.5ms)
Completed 200 OK in 22ms (Views: 9.6ms | ActiveRecord: 0.0ms)


Started GET "/blogs/new" for ::1 at 2019-10-23 12:21:19 +0900
Processing by BlogsController#new as HTML
  Rendering blogs/new.html.erb within layouts/application
  Rendered blogs/new.html.erb within layouts/application (11.6ms)
Completed 500 Internal Server Error in 37ms (ActiveRecord: 6.6ms)


  
ActionView::Template::Error (undefined method `new' for #<Blog id: nil, title: nil, content: nil>):
    1: <%= form_with(model: @blog.new, local: true) do |form| %>
    2:   <div class="blog_title">
    3:     <%= form.label :title %>
    4:     <%= form.text_field :title %>
  
app/views/blogs/new.html.erb:1:in `_app_views_blogs_new_html_erb__3281661932702741621_70323176057260'
Started GET "/blogs/new" for ::1 at 2019-10-23 12:22:04 +0900
Processing by BlogsController#new as HTML
  Rendering blogs/new.html.erb within layouts/application
  Rendered blogs/new.html.erb within layouts/application (13.7ms)
Completed 200 OK in 252ms (Views: 237.0ms | ActiveRecord: 4.1ms)


Started GET "/blogs/new" for ::1 at 2019-10-23 12:36:27 +0900
  [1m[35m (0.6ms)[0m  [1m[34mSELECT "schema_migrations"."version" FROM "schema_migrations" ORDER BY "schema_migrations"."version" ASC[0m
  â†³ /Users/hikichi/.rbenv/versions/2.5.0/lib/ruby/gems/2.5.0/gems/activerecord-5.2.3/lib/active_record/log_subscriber.rb:98
Processing by BlogsController#new as HTML
  Rendering blogs/new.html.erb within layouts/application
  Rendered blogs/new.html.erb within layouts/application (14.6ms)
Completed 200 OK in 280ms (Views: 260.9ms | ActiveRecord: 3.6ms)


Started POST "/blogs" for ::1 at 2019-10-23 12:36:36 +0900
Processing by BlogsController#create as HTML
  Parameters: {"utf8"=>"âœ“", "authenticity_token"=>"yWDN/9FUo1vsMc7SsK9h0/HCgF5XE5LgCj3dCmvf9bsQrxt/gWcuE6ju4rL7Mk3J4UvH8HKWdeRs94kHA64C2g==", "blog"=>{"title"=>"home", "content"=>"fuga"}, "commit"=>"Create Blog"}
No template found for BlogsController#create, rendering head :no_content
Completed 204 No Content in 134ms (ActiveRecord: 0.0ms)


Started GET "/blogs/new" for ::1 at 2019-10-23 12:43:14 +0900
  [1m[35m (0.9ms)[0m  [1m[34mSELECT "schema_migrations"."version" FROM "schema_migrations" ORDER BY "schema_migrations"."version" ASC[0m
  â†³ /Users/hikichi/.rbenv/versions/2.5.0/lib/ruby/gems/2.5.0/gems/activerecord-5.2.3/lib/active_record/log_subscriber.rb:98
Processing by BlogsController#new as HTML
  Rendering blogs/new.html.erb within layouts/application
  Rendered blogs/new.html.erb within layouts/application (12.3ms)
Completed 200 OK in 260ms (Views: 235.6ms | ActiveRecord: 4.0ms)


Started POST "/blogs" for ::1 at 2019-10-23 12:43:22 +0900
Processing by BlogsController#create as HTML
  Parameters: {"utf8"=>"âœ“", "authenticity_token"=>"4kyb4uVdHf65vHtSG6GHscygdr67+Cs+G9UxMJ7QVqs7g01itW6Qtv1jVzJQPKur3CkxEJ59zDp9H2U99qGhyg==", "blog"=>{"title"=>"aaaaaaaa", "content"=>"bbbbbbbbb"}, "commit"=>"Create Blog"}
  [1m[35m (0.8ms)[0m  [1m[35mBEGIN[0m
  â†³ app/controllers/blogs_controller.rb:11
  [1m[36mBlog Create (3.8ms)[0m  [1m[32mINSERT INTO "blogs" ("title", "content") VALUES ($1, $2) RETURNING "id"[0m  [["title", "aaaaaaaa"], ["content", "bbbbbbbbb"]]
  â†³ app/controllers/blogs_controller.rb:11
  [1m[35m (1.1ms)[0m  [1m[35mCOMMIT[0m
  â†³ app/controllers/blogs_controller.rb:11
No template found for BlogsController#create, rendering head :no_content
Completed 204 No Content in 165ms (ActiveRecord: 5.7ms)


  [1m[36mBlog Load (0.4ms)[0m  [1m[34mSELECT  "blogs".* FROM "blogs" LIMIT $1[0m  [["LIMIT", 11]]
Started GET "/" for ::1 at 2019-10-23 16:05:34 +0900
  [1m[35m (0.6ms)[0m  [1m[34mSELECT "schema_migrations"."version" FROM "schema_migrations" ORDER BY "schema_migrations"."version" ASC[0m
  â†³ /Users/hikichi/.rbenv/versions/2.5.0/lib/ruby/gems/2.5.0/gems/activerecord-5.2.3/lib/active_record/log_subscriber.rb:98
Processing by Rails::WelcomeController#index as HTML
  Rendering /Users/hikichi/.rbenv/versions/2.5.0/lib/ruby/gems/2.5.0/gems/railties-5.2.3/lib/rails/templates/rails/welcome/index.html.erb
  Rendered /Users/hikichi/.rbenv/versions/2.5.0/lib/ruby/gems/2.5.0/gems/railties-5.2.3/lib/rails/templates/rails/welcome/index.html.erb (3.4ms)
Completed 200 OK in 26ms (Views: 10.8ms | ActiveRecord: 0.0ms)


Started GET "/blogs/new" for ::1 at 2019-10-23 16:05:42 +0900
Processing by BlogsController#new as HTML
  Rendering blogs/new.html.erb within layouts/application
  Rendered blogs/new.html.erb within layouts/application (16.2ms)
Completed 200 OK in 270ms (Views: 249.7ms | ActiveRecord: 8.0ms)


Started POST "/blogs" for ::1 at 2019-10-23 16:05:48 +0900
Processing by BlogsController#create as HTML
  Parameters: {"utf8"=>"âœ“", "authenticity_token"=>"DjRO2rTs5k8ldOzUGLDdPDrSrtRmFWZyYK4Fi7SdFhTX+5ha5N9rB2GrwLRTLfEmKlvpekOQgXYGZFGG3OzhdQ==", "blog"=>{"title"=>"aaaaaaaa", "content"=>"bbbbbbbbb"}, "commit"=>"Create Blog"}
  [1m[35m (0.3ms)[0m  [1m[35mBEGIN[0m
  â†³ app/controllers/blogs_controller.rb:10
  [1m[36mBlog Create (0.8ms)[0m  [1m[32mINSERT INTO "blogs" ("title", "content") VALUES ($1, $2) RETURNING "id"[0m  [["title", "aaaaaaaa"], ["content", "bbbbbbbbb"]]
  â†³ app/controllers/blogs_controller.rb:10
  [1m[35m (0.7ms)[0m  [1m[35mCOMMIT[0m
  â†³ app/controllers/blogs_controller.rb:10
Redirected to http://localhost:3000/blogs/new
Completed 302 Found in 7ms (ActiveRecord: 1.7ms)


Started GET "/blogs/new" for ::1 at 2019-10-23 16:05:48 +0900
Processing by BlogsController#new as HTML
  Rendering blogs/new.html.erb within layouts/application
  Rendered blogs/new.html.erb within layouts/application (2.1ms)
Completed 200 OK in 32ms (Views: 28.6ms | ActiveRecord: 0.0ms)


Started GET "/blogs/new" for ::1 at 2019-10-23 16:09:08 +0900
  [1m[35m (0.5ms)[0m  [1m[34mSELECT "schema_migrations"."version" FROM "schema_migrations" ORDER BY "schema_migrations"."version" ASC[0m
  â†³ /Users/hikichi/.rbenv/versions/2.5.0/lib/ruby/gems/2.5.0/gems/activerecord-5.2.3/lib/active_record/log_subscriber.rb:98
Processing by BlogsController#new as HTML
  Rendering blogs/new.html.erb within layouts/application
  Rendered blogs/new.html.erb within layouts/application (14.4ms)
Completed 200 OK in 262ms (Views: 238.7ms | ActiveRecord: 3.5ms)


Started POST "/blogs" for ::1 at 2019-10-23 16:09:13 +0900
Processing by BlogsController#create as HTML
  Parameters: {"utf8"=>"âœ“", "authenticity_token"=>"JmVXkeqVzFYLWqAEFKfN8cVPL9bW6vS5MX2IxYE9Jmr/qoERuqZBHk+FjGRfOuHr1cZoePNvE71Xt9zI6UzRCw==", "blog"=>{"title"=>"aaaaaaaa", "content"=>"bbbbbbbbb"}, "commit"=>"Create Blog"}
  [1m[35m (0.2ms)[0m  [1m[35mBEGIN[0m
  â†³ app/controllers/blogs_controller.rb:10
  [1m[36mBlog Create (0.7ms)[0m  [1m[32mINSERT INTO "blogs" ("title", "content") VALUES ($1, $2) RETURNING "id"[0m  [["title", "aaaaaaaa"], ["content", "bbbbbbbbb"]]
  â†³ app/controllers/blogs_controller.rb:10
  [1m[35m (0.7ms)[0m  [1m[35mCOMMIT[0m
  â†³ app/controllers/blogs_controller.rb:10
Redirected to http://localhost:3000/blogs/new
Completed 302 Found in 6ms (ActiveRecord: 1.6ms)


Started GET "/blogs/new" for ::1 at 2019-10-23 16:09:13 +0900
Processing by BlogsController#new as HTML
  Rendering blogs/new.html.erb within layouts/application
  Rendered blogs/new.html.erb within layouts/application (2.3ms)
Completed 200 OK in 32ms (Views: 27.9ms | ActiveRecord: 0.0ms)


Started GET "/blogs/new" for ::1 at 2019-10-23 16:33:14 +0900
  [1m[35m (0.5ms)[0m  [1m[34mSELECT "schema_migrations"."version" FROM "schema_migrations" ORDER BY "schema_migrations"."version" ASC[0m
  â†³ /Users/hikichi/.rbenv/versions/2.5.0/lib/ruby/gems/2.5.0/gems/activerecord-5.2.3/lib/active_record/log_subscriber.rb:98
Processing by BlogsController#new as HTML
  Rendering blogs/new.html.erb within layouts/application
  Rendered blogs/new.html.erb within layouts/application (13.3ms)
Completed 200 OK in 230ms (Views: 210.7ms | ActiveRecord: 3.9ms)


Started POST "/blogs" for ::1 at 2019-10-23 16:33:20 +0900
Processing by BlogsController#create as HTML
  Parameters: {"utf8"=>"âœ“", "authenticity_token"=>"7nQ5TuZzd/IApIDXYyW0YGZ1VkEFuRyKB/9hdp0pYno3u+/OtkD6ukR7rLcouJh6dvwR7yA8+45hNTV79ViVGw==", "blog"=>{"title"=>"cccccccc", "content"=>"ddddddddd"}, "commit"=>"Create Blog"}
  [1m[35m (0.2ms)[0m  [1m[35mBEGIN[0m
  â†³ app/controllers/blogs_controller.rb:14
  [1m[36mBlog Create (1.0ms)[0m  [1m[32mINSERT INTO "blogs" ("title", "content") VALUES ($1, $2) RETURNING "id"[0m  [["title", "cccccccc"], ["content", "ddddddddd"]]
  â†³ app/controllers/blogs_controller.rb:14
  [1m[35m (0.8ms)[0m  [1m[35mCOMMIT[0m
  â†³ app/controllers/blogs_controller.rb:14
Redirected to http://localhost:3000/blogs/new
Completed 302 Found in 7ms (ActiveRecord: 2.0ms)


Started GET "/blogs/new" for ::1 at 2019-10-23 16:33:21 +0900
Processing by BlogsController#new as HTML
  Rendering blogs/new.html.erb within layouts/application
  Rendered blogs/new.html.erb within layouts/application (2.5ms)
Completed 200 OK in 31ms (Views: 27.4ms | ActiveRecord: 0.0ms)


  [1m[36mBlog Load (0.6ms)[0m  [1m[34mSELECT  "blogs".* FROM "blogs" LIMIT $1[0m  [["LIMIT", 11]]
  [1m[36mBlog Load (0.9ms)[0m  [1m[34mSELECT  "blogs".* FROM "blogs" LIMIT $1[0m  [["LIMIT", 11]]
  [1m[36mBlog Load (0.7ms)[0m  [1m[34mSELECT "blogs".* FROM "blogs"[0m
Started GET "/blogs/" for ::1 at 2019-10-23 16:54:51 +0900
  [1m[35m (0.6ms)[0m  [1m[34mSELECT "schema_migrations"."version" FROM "schema_migrations" ORDER BY "schema_migrations"."version" ASC[0m
  â†³ /Users/hikichi/.rbenv/versions/2.5.0/lib/ruby/gems/2.5.0/gems/activerecord-5.2.3/lib/active_record/log_subscriber.rb:98
Processing by BlogsController#index as HTML
  Rendering blogs/index.html.erb within layouts/application
  Rendered blogs/index.html.erb within layouts/application (2.9ms)
Completed 200 OK in 269ms (Views: 250.3ms | ActiveRecord: 0.0ms)


Started GET "/blogs/new" for ::1 at 2019-10-23 16:58:25 +0900
  [1m[35m (0.6ms)[0m  [1m[34mSELECT "schema_migrations"."version" FROM "schema_migrations" ORDER BY "schema_migrations"."version" ASC[0m
  â†³ /Users/hikichi/.rbenv/versions/2.5.0/lib/ruby/gems/2.5.0/gems/activerecord-5.2.3/lib/active_record/log_subscriber.rb:98
Processing by BlogsController#new as HTML
  Rendering blogs/new.html.erb within layouts/application
  Rendered blogs/new.html.erb within layouts/application (17.0ms)
Completed 200 OK in 268ms (Views: 235.3ms | ActiveRecord: 5.0ms)


Started GET "/blogs/" for ::1 at 2019-10-23 16:58:53 +0900
Processing by BlogsController#index as HTML
  Rendering blogs/index.html.erb within layouts/application
  [1m[36mBlog Load (0.9ms)[0m  [1m[34mSELECT "blogs".* FROM "blogs"[0m
  â†³ app/views/blogs/index.html.erb:9
  Rendered blogs/index.html.erb within layouts/application (4.2ms)
Completed 200 OK in 38ms (Views: 32.7ms | ActiveRecord: 0.9ms)


Started GET "/blogs/" for ::1 at 2019-10-23 17:00:36 +0900
  [1m[35m (0.9ms)[0m  [1m[34mSELECT "schema_migrations"."version" FROM "schema_migrations" ORDER BY "schema_migrations"."version" ASC[0m
  â†³ /Users/hikichi/.rbenv/versions/2.5.0/lib/ruby/gems/2.5.0/gems/activerecord-5.2.3/lib/active_record/log_subscriber.rb:98
Processing by BlogsController#index as HTML
  Rendering blogs/index.html.erb within layouts/application
  [1m[36mBlog Load (0.6ms)[0m  [1m[34mSELECT "blogs".* FROM "blogs"[0m
  â†³ app/views/blogs/index.html.erb:9
  Rendered blogs/index.html.erb within layouts/application (14.0ms)
Completed 200 OK in 219ms (Views: 201.3ms | ActiveRecord: 5.2ms)


Started GET "/blogs" for ::1 at 2019-10-23 17:00:38 +0900
Processing by BlogsController#index as HTML
  Rendering blogs/index.html.erb within layouts/application
  [1m[36mBlog Load (24.0ms)[0m  [1m[34mSELECT "blogs".* FROM "blogs"[0m
  â†³ app/views/blogs/index.html.erb:9
  Rendered blogs/index.html.erb within layouts/application (26.8ms)
Completed 200 OK in 76ms (Views: 46.8ms | ActiveRecord: 24.0ms)


Started GET "/blogs" for ::1 at 2019-10-23 17:00:45 +0900
Processing by BlogsController#index as HTML
  Rendering blogs/index.html.erb within layouts/application
  [1m[36mBlog Load (0.8ms)[0m  [1m[34mSELECT "blogs".* FROM "blogs"[0m
  â†³ app/views/blogs/index.html.erb:9
  Rendered blogs/index.html.erb within layouts/application (3.6ms)
Completed 200 OK in 42ms (Views: 37.6ms | ActiveRecord: 0.8ms)


Started GET "/blogs" for ::1 at 2019-10-23 17:00:45 +0900
Processing by BlogsController#index as HTML
  Rendering blogs/index.html.erb within layouts/application
  [1m[36mBlog Load (4.7ms)[0m  [1m[34mSELECT "blogs".* FROM "blogs"[0m
  â†³ app/views/blogs/index.html.erb:9
  Rendered blogs/index.html.erb within layouts/application (7.5ms)
Completed 200 OK in 72ms (Views: 62.1ms | ActiveRecord: 4.7ms)


Started GET "/blogs" for ::1 at 2019-10-23 17:12:38 +0900
  [1m[35m (0.8ms)[0m  [1m[34mSELECT "schema_migrations"."version" FROM "schema_migrations" ORDER BY "schema_migrations"."version" ASC[0m
  â†³ /Users/hikichi/.rbenv/versions/2.5.0/lib/ruby/gems/2.5.0/gems/activerecord-5.2.3/lib/active_record/log_subscriber.rb:98
Processing by BlogsController#index as HTML
  Rendering blogs/index.html.erb within layouts/application
  [1m[36mBlog Load (0.8ms)[0m  [1m[34mSELECT "blogs".* FROM "blogs"[0m
  â†³ app/views/blogs/index.html.erb:9
  Rendered blogs/index.html.erb within layouts/application (17.6ms)
Completed 200 OK in 228ms (Views: 208.7ms | ActiveRecord: 7.1ms)


Started GET "/blogs/1" for ::1 at 2019-10-23 17:12:40 +0900
Processing by BlogsController#show as HTML
  Parameters: {"id"=>"1"}
Completed 406 Not Acceptable in 161ms (ActiveRecord: 0.0ms)


  
ActionController::UnknownFormat (BlogsController#show is missing a template for this request format and variant.

request.formats: ["text/html"]
request.variant: []

NOTE! For XHR/Ajax or API requests, this action would normally respond with 204 No Content: an empty white screen. Since you're loading it in a web browser, we assume that you expected to actually render a template, not nothing, so we're showing an error to be extra-clear. If you expect 204 No Content, carry on. That's what you'll get from an XHR or API request. Give it a shot.):
  
actionpack (5.2.3) lib/action_controller/metal/implicit_render.rb:55:in `default_render'
actionpack (5.2.3) lib/action_controller/metal/basic_implicit_render.rb:6:in `block in send_action'
actionpack (5.2.3) lib/action_controller/metal/basic_implicit_render.rb:6:in `tap'
actionpack (5.2.3) lib/action_controller/metal/basic_implicit_render.rb:6:in `send_action'
actionpack (5.2.3) lib/abstract_controller/base.rb:194:in `process_action'
actionpack (5.2.3) lib/action_controller/metal/rendering.rb:30:in `process_action'
actionpack (5.2.3) lib/abstract_controller/callbacks.rb:42:in `block in process_action'
activesupport (5.2.3) lib/active_support/callbacks.rb:132:in `run_callbacks'
actionpack (5.2.3) lib/abstract_controller/callbacks.rb:41:in `process_action'
actionpack (5.2.3) lib/action_controller/metal/rescue.rb:22:in `process_action'
actionpack (5.2.3) lib/action_controller/metal/instrumentation.rb:34:in `block in process_action'
activesupport (5.2.3) lib/active_support/notifications.rb:168:in `block in instrument'
activesupport (5.2.3) lib/active_support/notifications/instrumenter.rb:23:in `instrument'
activesupport (5.2.3) lib/active_support/notifications.rb:168:in `instrument'
actionpack (5.2.3) lib/action_controller/metal/instrumentation.rb:32:in `process_action'
actionpack (5.2.3) lib/action_controller/metal/params_wrapper.rb:256:in `process_action'
activerecord (5.2.3) lib/active_record/railties/controller_runtime.rb:24:in `process_action'
actionpack (5.2.3) lib/abstract_controller/base.rb:134:in `process'
actionview (5.2.3) lib/action_view/rendering.rb:32:in `process'
actionpack (5.2.3) lib/action_controller/metal.rb:191:in `dispatch'
actionpack (5.2.3) lib/action_controller/metal.rb:252:in `dispatch'
actionpack (5.2.3) lib/action_dispatch/routing/route_set.rb:52:in `dispatch'
actionpack (5.2.3) lib/action_dispatch/routing/route_set.rb:34:in `serve'
actionpack (5.2.3) lib/action_dispatch/journey/router.rb:52:in `block in serve'
actionpack (5.2.3) lib/action_dispatch/journey/router.rb:35:in `each'
actionpack (5.2.3) lib/action_dispatch/journey/router.rb:35:in `serve'
actionpack (5.2.3) lib/action_dispatch/routing/route_set.rb:840:in `call'
rack (2.0.7) lib/rack/tempfile_reaper.rb:15:in `call'
rack (2.0.7) lib/rack/etag.rb:25:in `call'
rack (2.0.7) lib/rack/conditional_get.rb:25:in `call'
rack (2.0.7) lib/rack/head.rb:12:in `call'
actionpack (5.2.3) lib/action_dispatch/http/content_security_policy.rb:18:in `call'
rack (2.0.7) lib/rack/session/abstract/id.rb:232:in `context'
rack (2.0.7) lib/rack/session/abstract/id.rb:226:in `call'
actionpack (5.2.3) lib/action_dispatch/middleware/cookies.rb:670:in `call'
activerecord (5.2.3) lib/active_record/migration.rb:559:in `call'
actionpack (5.2.3) lib/action_dispatch/middleware/callbacks.rb:28:in `block in call'
activesupport (5.2.3) lib/active_support/callbacks.rb:98:in `run_callbacks'
actionpack (5.2.3) lib/action_dispatch/middleware/callbacks.rb:26:in `call'
actionpack (5.2.3) lib/action_dispatch/middleware/executor.rb:14:in `call'
actionpack (5.2.3) lib/action_dispatch/middleware/debug_exceptions.rb:61:in `call'
web-console (3.7.0) lib/web_console/middleware.rb:135:in `call_app'
web-console (3.7.0) lib/web_console/middleware.rb:30:in `block in call'
web-console (3.7.0) lib/web_console/middleware.rb:20:in `catch'
web-console (3.7.0) lib/web_console/middleware.rb:20:in `call'
actionpack (5.2.3) lib/action_dispatch/middleware/show_exceptions.rb:33:in `call'
railties (5.2.3) lib/rails/rack/logger.rb:38:in `call_app'
railties (5.2.3) lib/rails/rack/logger.rb:26:in `block in call'
activesupport (5.2.3) lib/active_support/tagged_logging.rb:71:in `block in tagged'
activesupport (5.2.3) lib/active_support/tagged_logging.rb:28:in `tagged'
activesupport (5.2.3) lib/active_support/tagged_logging.rb:71:in `tagged'
railties (5.2.3) lib/rails/rack/logger.rb:26:in `call'
sprockets-rails (3.2.1) lib/sprockets/rails/quiet_assets.rb:13:in `call'
actionpack (5.2.3) lib/action_dispatch/middleware/remote_ip.rb:81:in `call'
actionpack (5.2.3) lib/action_dispatch/middleware/request_id.rb:27:in `call'
rack (2.0.7) lib/rack/method_override.rb:22:in `call'
rack (2.0.7) lib/rack/runtime.rb:22:in `call'
activesupport (5.2.3) lib/active_support/cache/strategy/local_cache_middleware.rb:29:in `call'
actionpack (5.2.3) lib/action_dispatch/middleware/executor.rb:14:in `call'
actionpack (5.2.3) lib/action_dispatch/middleware/static.rb:127:in `call'
rack (2.0.7) lib/rack/sendfile.rb:111:in `call'
railties (5.2.3) lib/rails/engine.rb:524:in `call'
puma (3.12.1) lib/puma/configuration.rb:227:in `call'
puma (3.12.1) lib/puma/server.rb:660:in `handle_request'
puma (3.12.1) lib/puma/server.rb:474:in `process_client'
puma (3.12.1) lib/puma/server.rb:334:in `block in run'
puma (3.12.1) lib/puma/thread_pool.rb:135:in `block in spawn_thread'
Started GET "/blogs" for ::1 at 2019-10-23 17:17:17 +0900
  [1m[35m (0.6ms)[0m  [1m[34mSELECT "schema_migrations"."version" FROM "schema_migrations" ORDER BY "schema_migrations"."version" ASC[0m
  â†³ /Users/hikichi/.rbenv/versions/2.5.0/lib/ruby/gems/2.5.0/gems/activerecord-5.2.3/lib/active_record/log_subscriber.rb:98
Processing by BlogsController#index as HTML
  Rendering blogs/index.html.erb within layouts/application
  [1m[36mBlog Load (1.6ms)[0m  [1m[34mSELECT "blogs".* FROM "blogs"[0m
  â†³ app/views/blogs/index.html.erb:9
  Rendered blogs/index.html.erb within layouts/application (23.4ms)
Completed 200 OK in 283ms (Views: 262.1ms | ActiveRecord: 7.2ms)


Started GET "/blogs/1" for ::1 at 2019-10-23 17:17:20 +0900
Processing by BlogsController#show as HTML
  Parameters: {"id"=>"1"}
Completed 406 Not Acceptable in 134ms (ActiveRecord: 0.0ms)


  
ActionController::UnknownFormat (BlogsController#show is missing a template for this request format and variant.

request.formats: ["text/html"]
request.variant: []

NOTE! For XHR/Ajax or API requests, this action would normally respond with 204 No Content: an empty white screen. Since you're loading it in a web browser, we assume that you expected to actually render a template, not nothing, so we're showing an error to be extra-clear. If you expect 204 No Content, carry on. That's what you'll get from an XHR or API request. Give it a shot.):
  
actionpack (5.2.3) lib/action_controller/metal/implicit_render.rb:55:in `default_render'
actionpack (5.2.3) lib/action_controller/metal/basic_implicit_render.rb:6:in `block in send_action'
actionpack (5.2.3) lib/action_controller/metal/basic_implicit_render.rb:6:in `tap'
actionpack (5.2.3) lib/action_controller/metal/basic_implicit_render.rb:6:in `send_action'
actionpack (5.2.3) lib/abstract_controller/base.rb:194:in `process_action'
actionpack (5.2.3) lib/action_controller/metal/rendering.rb:30:in `process_action'
actionpack (5.2.3) lib/abstract_controller/callbacks.rb:42:in `block in process_action'
activesupport (5.2.3) lib/active_support/callbacks.rb:132:in `run_callbacks'
actionpack (5.2.3) lib/abstract_controller/callbacks.rb:41:in `process_action'
actionpack (5.2.3) lib/action_controller/metal/rescue.rb:22:in `process_action'
actionpack (5.2.3) lib/action_controller/metal/instrumentation.rb:34:in `block in process_action'
activesupport (5.2.3) lib/active_support/notifications.rb:168:in `block in instrument'
activesupport (5.2.3) lib/active_support/notifications/instrumenter.rb:23:in `instrument'
activesupport (5.2.3) lib/active_support/notifications.rb:168:in `instrument'
actionpack (5.2.3) lib/action_controller/metal/instrumentation.rb:32:in `process_action'
actionpack (5.2.3) lib/action_controller/metal/params_wrapper.rb:256:in `process_action'
activerecord (5.2.3) lib/active_record/railties/controller_runtime.rb:24:in `process_action'
actionpack (5.2.3) lib/abstract_controller/base.rb:134:in `process'
actionview (5.2.3) lib/action_view/rendering.rb:32:in `process'
actionpack (5.2.3) lib/action_controller/metal.rb:191:in `dispatch'
actionpack (5.2.3) lib/action_controller/metal.rb:252:in `dispatch'
actionpack (5.2.3) lib/action_dispatch/routing/route_set.rb:52:in `dispatch'
actionpack (5.2.3) lib/action_dispatch/routing/route_set.rb:34:in `serve'
actionpack (5.2.3) lib/action_dispatch/journey/router.rb:52:in `block in serve'
actionpack (5.2.3) lib/action_dispatch/journey/router.rb:35:in `each'
actionpack (5.2.3) lib/action_dispatch/journey/router.rb:35:in `serve'
actionpack (5.2.3) lib/action_dispatch/routing/route_set.rb:840:in `call'
rack (2.0.7) lib/rack/tempfile_reaper.rb:15:in `call'
rack (2.0.7) lib/rack/etag.rb:25:in `call'
rack (2.0.7) lib/rack/conditional_get.rb:25:in `call'
rack (2.0.7) lib/rack/head.rb:12:in `call'
actionpack (5.2.3) lib/action_dispatch/http/content_security_policy.rb:18:in `call'
rack (2.0.7) lib/rack/session/abstract/id.rb:232:in `context'
rack (2.0.7) lib/rack/session/abstract/id.rb:226:in `call'
actionpack (5.2.3) lib/action_dispatch/middleware/cookies.rb:670:in `call'
activerecord (5.2.3) lib/active_record/migration.rb:559:in `call'
actionpack (5.2.3) lib/action_dispatch/middleware/callbacks.rb:28:in `block in call'
activesupport (5.2.3) lib/active_support/callbacks.rb:98:in `run_callbacks'
actionpack (5.2.3) lib/action_dispatch/middleware/callbacks.rb:26:in `call'
actionpack (5.2.3) lib/action_dispatch/middleware/executor.rb:14:in `call'
actionpack (5.2.3) lib/action_dispatch/middleware/debug_exceptions.rb:61:in `call'
web-console (3.7.0) lib/web_console/middleware.rb:135:in `call_app'
web-console (3.7.0) lib/web_console/middleware.rb:30:in `block in call'
web-console (3.7.0) lib/web_console/middleware.rb:20:in `catch'
web-console (3.7.0) lib/web_console/middleware.rb:20:in `call'
actionpack (5.2.3) lib/action_dispatch/middleware/show_exceptions.rb:33:in `call'
railties (5.2.3) lib/rails/rack/logger.rb:38:in `call_app'
railties (5.2.3) lib/rails/rack/logger.rb:26:in `block in call'
activesupport (5.2.3) lib/active_support/tagged_logging.rb:71:in `block in tagged'
activesupport (5.2.3) lib/active_support/tagged_logging.rb:28:in `tagged'
activesupport (5.2.3) lib/active_support/tagged_logging.rb:71:in `tagged'
railties (5.2.3) lib/rails/rack/logger.rb:26:in `call'
sprockets-rails (3.2.1) lib/sprockets/rails/quiet_assets.rb:13:in `call'
actionpack (5.2.3) lib/action_dispatch/middleware/remote_ip.rb:81:in `call'
actionpack (5.2.3) lib/action_dispatch/middleware/request_id.rb:27:in `call'
rack (2.0.7) lib/rack/method_override.rb:22:in `call'
rack (2.0.7) lib/rack/runtime.rb:22:in `call'
activesupport (5.2.3) lib/active_support/cache/strategy/local_cache_middleware.rb:29:in `call'
actionpack (5.2.3) lib/action_dispatch/middleware/executor.rb:14:in `call'
actionpack (5.2.3) lib/action_dispatch/middleware/static.rb:127:in `call'
rack (2.0.7) lib/rack/sendfile.rb:111:in `call'
railties (5.2.3) lib/rails/engine.rb:524:in `call'
puma (3.12.1) lib/puma/configuration.rb:227:in `call'
puma (3.12.1) lib/puma/server.rb:660:in `handle_request'
puma (3.12.1) lib/puma/server.rb:474:in `process_client'
puma (3.12.1) lib/puma/server.rb:334:in `block in run'
puma (3.12.1) lib/puma/thread_pool.rb:135:in `block in spawn_thread'
Started GET "/blogs" for ::1 at 2019-10-23 17:17:23 +0900
Processing by BlogsController#index as HTML
  Rendering blogs/index.html.erb within layouts/application
  [1m[36mBlog Load (0.4ms)[0m  [1m[34mSELECT "blogs".* FROM "blogs"[0m
  â†³ app/views/blogs/index.html.erb:9
  Rendered blogs/index.html.erb within layouts/application (3.0ms)
Completed 200 OK in 47ms (Views: 41.6ms | ActiveRecord: 0.4ms)


Started GET "/blogs/2" for ::1 at 2019-10-23 17:17:24 +0900
Processing by BlogsController#show as HTML
  Parameters: {"id"=>"2"}
Completed 406 Not Acceptable in 136ms (ActiveRecord: 0.0ms)


  
ActionController::UnknownFormat (BlogsController#show is missing a template for this request format and variant.

request.formats: ["text/html"]
request.variant: []

NOTE! For XHR/Ajax or API requests, this action would normally respond with 204 No Content: an empty white screen. Since you're loading it in a web browser, we assume that you expected to actually render a template, not nothing, so we're showing an error to be extra-clear. If you expect 204 No Content, carry on. That's what you'll get from an XHR or API request. Give it a shot.):
  
actionpack (5.2.3) lib/action_controller/metal/implicit_render.rb:55:in `default_render'
actionpack (5.2.3) lib/action_controller/metal/basic_implicit_render.rb:6:in `block in send_action'
actionpack (5.2.3) lib/action_controller/metal/basic_implicit_render.rb:6:in `tap'
actionpack (5.2.3) lib/action_controller/metal/basic_implicit_render.rb:6:in `send_action'
actionpack (5.2.3) lib/abstract_controller/base.rb:194:in `process_action'
actionpack (5.2.3) lib/action_controller/metal/rendering.rb:30:in `process_action'
actionpack (5.2.3) lib/abstract_controller/callbacks.rb:42:in `block in process_action'
activesupport (5.2.3) lib/active_support/callbacks.rb:132:in `run_callbacks'
actionpack (5.2.3) lib/abstract_controller/callbacks.rb:41:in `process_action'
actionpack (5.2.3) lib/action_controller/metal/rescue.rb:22:in `process_action'
actionpack (5.2.3) lib/action_controller/metal/instrumentation.rb:34:in `block in process_action'
activesupport (5.2.3) lib/active_support/notifications.rb:168:in `block in instrument'
activesupport (5.2.3) lib/active_support/notifications/instrumenter.rb:23:in `instrument'
activesupport (5.2.3) lib/active_support/notifications.rb:168:in `instrument'
actionpack (5.2.3) lib/action_controller/metal/instrumentation.rb:32:in `process_action'
actionpack (5.2.3) lib/action_controller/metal/params_wrapper.rb:256:in `process_action'
activerecord (5.2.3) lib/active_record/railties/controller_runtime.rb:24:in `process_action'
actionpack (5.2.3) lib/abstract_controller/base.rb:134:in `process'
actionview (5.2.3) lib/action_view/rendering.rb:32:in `process'
actionpack (5.2.3) lib/action_controller/metal.rb:191:in `dispatch'
actionpack (5.2.3) lib/action_controller/metal.rb:252:in `dispatch'
actionpack (5.2.3) lib/action_dispatch/routing/route_set.rb:52:in `dispatch'
actionpack (5.2.3) lib/action_dispatch/routing/route_set.rb:34:in `serve'
actionpack (5.2.3) lib/action_dispatch/journey/router.rb:52:in `block in serve'
actionpack (5.2.3) lib/action_dispatch/journey/router.rb:35:in `each'
actionpack (5.2.3) lib/action_dispatch/journey/router.rb:35:in `serve'
actionpack (5.2.3) lib/action_dispatch/routing/route_set.rb:840:in `call'
rack (2.0.7) lib/rack/tempfile_reaper.rb:15:in `call'
rack (2.0.7) lib/rack/etag.rb:25:in `call'
rack (2.0.7) lib/rack/conditional_get.rb:25:in `call'
rack (2.0.7) lib/rack/head.rb:12:in `call'
actionpack (5.2.3) lib/action_dispatch/http/content_security_policy.rb:18:in `call'
rack (2.0.7) lib/rack/session/abstract/id.rb:232:in `context'
rack (2.0.7) lib/rack/session/abstract/id.rb:226:in `call'
actionpack (5.2.3) lib/action_dispatch/middleware/cookies.rb:670:in `call'
activerecord (5.2.3) lib/active_record/migration.rb:559:in `call'
actionpack (5.2.3) lib/action_dispatch/middleware/callbacks.rb:28:in `block in call'
activesupport (5.2.3) lib/active_support/callbacks.rb:98:in `run_callbacks'
actionpack (5.2.3) lib/action_dispatch/middleware/callbacks.rb:26:in `call'
actionpack (5.2.3) lib/action_dispatch/middleware/executor.rb:14:in `call'
actionpack (5.2.3) lib/action_dispatch/middleware/debug_exceptions.rb:61:in `call'
web-console (3.7.0) lib/web_console/middleware.rb:135:in `call_app'
web-console (3.7.0) lib/web_console/middleware.rb:30:in `block in call'
web-console (3.7.0) lib/web_console/middleware.rb:20:in `catch'
web-console (3.7.0) lib/web_console/middleware.rb:20:in `call'
actionpack (5.2.3) lib/action_dispatch/middleware/show_exceptions.rb:33:in `call'
railties (5.2.3) lib/rails/rack/logger.rb:38:in `call_app'
railties (5.2.3) lib/rails/rack/logger.rb:26:in `block in call'
activesupport (5.2.3) lib/active_support/tagged_logging.rb:71:in `block in tagged'
activesupport (5.2.3) lib/active_support/tagged_logging.rb:28:in `tagged'
activesupport (5.2.3) lib/active_support/tagged_logging.rb:71:in `tagged'
railties (5.2.3) lib/rails/rack/logger.rb:26:in `call'
sprockets-rails (3.2.1) lib/sprockets/rails/quiet_assets.rb:13:in `call'
actionpack (5.2.3) lib/action_dispatch/middleware/remote_ip.rb:81:in `call'
actionpack (5.2.3) lib/action_dispatch/middleware/request_id.rb:27:in `call'
rack (2.0.7) lib/rack/method_override.rb:22:in `call'
rack (2.0.7) lib/rack/runtime.rb:22:in `call'
activesupport (5.2.3) lib/active_support/cache/strategy/local_cache_middleware.rb:29:in `call'
actionpack (5.2.3) lib/action_dispatch/middleware/executor.rb:14:in `call'
actionpack (5.2.3) lib/action_dispatch/middleware/static.rb:127:in `call'
rack (2.0.7) lib/rack/sendfile.rb:111:in `call'
railties (5.2.3) lib/rails/engine.rb:524:in `call'
puma (3.12.1) lib/puma/configuration.rb:227:in `call'
puma (3.12.1) lib/puma/server.rb:660:in `handle_request'
puma (3.12.1) lib/puma/server.rb:474:in `process_client'
puma (3.12.1) lib/puma/server.rb:334:in `block in run'
puma (3.12.1) lib/puma/thread_pool.rb:135:in `block in spawn_thread'
  [1m[36mBlog Load (0.5ms)[0m  [1m[34mSELECT  "blogs".* FROM "blogs" LIMIT $1[0m  [["LIMIT", 11]]
  [1m[35m (1.1ms)[0m  [1m[34mSELECT "blogs"."id" FROM "blogs"[0m
  [1m[36mBlog Load (0.3ms)[0m  [1m[34mSELECT  "blogs".* FROM "blogs" WHERE "blogs"."id" = $1 LIMIT $2[0m  [["id", 5], ["LIMIT", 1]]
  [1m[36mBlog Load (0.7ms)[0m  [1m[34mSELECT  "blogs".* FROM "blogs" WHERE "blogs"."id" = $1 LIMIT $2[0m  [["id", 6], ["LIMIT", 1]]
Started GET "/blogs" for ::1 at 2019-10-23 17:22:52 +0900
  [1m[35m (0.6ms)[0m  [1m[34mSELECT "schema_migrations"."version" FROM "schema_migrations" ORDER BY "schema_migrations"."version" ASC[0m
  â†³ /Users/hikichi/.rbenv/versions/2.5.0/lib/ruby/gems/2.5.0/gems/activerecord-5.2.3/lib/active_record/log_subscriber.rb:98
Processing by BlogsController#index as HTML
  Rendering blogs/index.html.erb within layouts/application
  [1m[36mBlog Load (0.6ms)[0m  [1m[34mSELECT "blogs".* FROM "blogs"[0m
  â†³ app/views/blogs/index.html.erb:9
  Rendered blogs/index.html.erb within layouts/application (13.7ms)
Completed 200 OK in 277ms (Views: 258.7ms | ActiveRecord: 5.0ms)


Started GET "/blogs" for ::1 at 2019-10-23 17:22:55 +0900
Processing by BlogsController#index as HTML
  Rendering blogs/index.html.erb within layouts/application
  [1m[36mBlog Load (0.5ms)[0m  [1m[34mSELECT "blogs".* FROM "blogs"[0m
  â†³ app/views/blogs/index.html.erb:9
  Rendered blogs/index.html.erb within layouts/application (3.5ms)
Completed 200 OK in 38ms (Views: 34.7ms | ActiveRecord: 0.5ms)


Started GET "/blogs/1" for ::1 at 2019-10-23 17:22:56 +0900
Processing by BlogsController#show as HTML
  Parameters: {"id"=>"1"}
  [1m[36mBlog Load (1.1ms)[0m  [1m[34mSELECT  "blogs".* FROM "blogs" WHERE "blogs"."id" = $1 LIMIT $2[0m  [["id", 1], ["LIMIT", 1]]
  â†³ app/controllers/blogs_controller.rb:13
  Rendering blogs/show.html.erb within layouts/application
  Rendered blogs/show.html.erb within layouts/application (0.6ms)
Completed 200 OK in 89ms (Views: 35.1ms | ActiveRecord: 39.5ms)


Started GET "/blogs/3" for ::1 at 2019-10-23 17:22:58 +0900
Processing by BlogsController#show as HTML
  Parameters: {"id"=>"3"}
  [1m[36mBlog Load (0.6ms)[0m  [1m[34mSELECT  "blogs".* FROM "blogs" WHERE "blogs"."id" = $1 LIMIT $2[0m  [["id", 3], ["LIMIT", 1]]
  â†³ app/controllers/blogs_controller.rb:13
  Rendering blogs/show.html.erb within layouts/application
  Rendered blogs/show.html.erb within layouts/application (0.6ms)
Completed 200 OK in 69ms (Views: 61.0ms | ActiveRecord: 0.6ms)


Started GET "/blogs/4" for ::1 at 2019-10-23 17:23:00 +0900
Processing by BlogsController#show as HTML
  Parameters: {"id"=>"4"}
  [1m[36mBlog Load (39.0ms)[0m  [1m[34mSELECT  "blogs".* FROM "blogs" WHERE "blogs"."id" = $1 LIMIT $2[0m  [["id", 4], ["LIMIT", 1]]
  â†³ app/controllers/blogs_controller.rb:13
  Rendering blogs/show.html.erb within layouts/application
  Rendered blogs/show.html.erb within layouts/application (1.6ms)
Completed 200 OK in 86ms (Views: 39.4ms | ActiveRecord: 39.0ms)


Started GET "/blogs/1" for ::1 at 2019-10-23 17:23:02 +0900
Processing by BlogsController#show as HTML
  Parameters: {"id"=>"1"}
  [1m[36mBlog Load (20.9ms)[0m  [1m[34mSELECT  "blogs".* FROM "blogs" WHERE "blogs"."id" = $1 LIMIT $2[0m  [["id", 1], ["LIMIT", 1]]
  â†³ app/controllers/blogs_controller.rb:13
  Rendering blogs/show.html.erb within layouts/application
  Rendered blogs/show.html.erb within layouts/application (0.5ms)
Completed 200 OK in 61ms (Views: 34.5ms | ActiveRecord: 20.9ms)


Started GET "/blogs/2" for ::1 at 2019-10-23 17:23:03 +0900
Processing by BlogsController#show as HTML
  Parameters: {"id"=>"2"}
  [1m[36mBlog Load (22.2ms)[0m  [1m[34mSELECT  "blogs".* FROM "blogs" WHERE "blogs"."id" = $1 LIMIT $2[0m  [["id", 2], ["LIMIT", 1]]
  â†³ app/controllers/blogs_controller.rb:13
  Rendering blogs/show.html.erb within layouts/application
  Rendered blogs/show.html.erb within layouts/application (0.5ms)
Completed 200 OK in 71ms (Views: 40.6ms | ActiveRecord: 22.2ms)


Started GET "/blogs" for ::1 at 2019-10-23 17:43:39 +0900
  [1m[35m (0.9ms)[0m  [1m[34mSELECT "schema_migrations"."version" FROM "schema_migrations" ORDER BY "schema_migrations"."version" ASC[0m
  â†³ /Users/hikichi/.rbenv/versions/2.5.0/lib/ruby/gems/2.5.0/gems/activerecord-5.2.3/lib/active_record/log_subscriber.rb:98
Processing by BlogsController#index as HTML
  Rendering blogs/index.html.erb within layouts/application
  [1m[36mBlog Load (0.6ms)[0m  [1m[34mSELECT "blogs".* FROM "blogs"[0m
  â†³ app/views/blogs/index.html.erb:9
  Rendered blogs/index.html.erb within layouts/application (18.4ms)
Completed 200 OK in 276ms (Views: 250.8ms | ActiveRecord: 8.0ms)


Started GET "/blogs/new" for ::1 at 2019-10-23 17:43:42 +0900
Processing by BlogsController#new as HTML
  Rendering blogs/new.html.erb within layouts/application
  Rendered blogs/new.html.erb within layouts/application (31.7ms)
Completed 200 OK in 83ms (Views: 69.9ms | ActiveRecord: 0.0ms)


Started POST "/blogs" for ::1 at 2019-10-23 17:43:44 +0900
Processing by BlogsController#create as HTML
  Parameters: {"utf8"=>"âœ“", "authenticity_token"=>"9hqiIaJlLoAnQZBc0lPzpx0uUXv+Qc2aYz8KrgqyV42j2lItR3tNIM6cNXn/orO+Uj0H6X4FiDmF8FMUiU5yFA==", "blog"=>{"title"=>"", "content"=>""}, "commit"=>"Create Blog"}
Completed 500 Internal Server Error in 5ms (ActiveRecord: 0.0ms)


  
NameError (uninitialized constant BlogsController::Blogs):
  
app/controllers/blogs_controller.rb:28:in `create'
Started POST "/blogs" for ::1 at 2019-10-23 17:44:51 +0900
  [1m[35m (0.6ms)[0m  [1m[34mSELECT "schema_migrations"."version" FROM "schema_migrations" ORDER BY "schema_migrations"."version" ASC[0m
  â†³ /Users/hikichi/.rbenv/versions/2.5.0/lib/ruby/gems/2.5.0/gems/activerecord-5.2.3/lib/active_record/log_subscriber.rb:98
Processing by BlogsController#create as HTML
  Parameters: {"utf8"=>"âœ“", "authenticity_token"=>"9hqiIaJlLoAnQZBc0lPzpx0uUXv+Qc2aYz8KrgqyV42j2lItR3tNIM6cNXn/orO+Uj0H6X4FiDmF8FMUiU5yFA==", "blog"=>{"title"=>"", "content"=>""}, "commit"=>"Create Blog"}
  [1m[35m (0.2ms)[0m  [1m[35mBEGIN[0m
  â†³ app/controllers/blogs_controller.rb:28
  [1m[35m (0.3ms)[0m  [1m[31mROLLBACK[0m
  â†³ app/controllers/blogs_controller.rb:28
  [1m[35m (0.1ms)[0m  [1m[35mBEGIN[0m
  â†³ app/controllers/blogs_controller.rb:31
  [1m[35m (0.1ms)[0m  [1m[31mROLLBACK[0m
  â†³ app/controllers/blogs_controller.rb:31
  Rendering blogs/new.html.erb within layouts/application
  Rendered blogs/new.html.erb within layouts/application (14.4ms)
Completed 200 OK in 327ms (Views: 297.5ms | ActiveRecord: 6.2ms)


Started GET "/blogs" for ::1 at 2019-10-23 17:44:57 +0900
Processing by BlogsController#index as HTML
  Rendering blogs/index.html.erb within layouts/application
  [1m[36mBlog Load (0.6ms)[0m  [1m[34mSELECT "blogs".* FROM "blogs"[0m
  â†³ app/views/blogs/index.html.erb:9
  Rendered blogs/index.html.erb within layouts/application (4.2ms)
Completed 200 OK in 40ms (Views: 33.5ms | ActiveRecord: 0.6ms)


Started GET "/blogs/new" for ::1 at 2019-10-23 17:45:01 +0900
Processing by BlogsController#new as HTML
  Rendering blogs/new.html.erb within layouts/application
  Rendered blogs/new.html.erb within layouts/application (3.2ms)
Completed 200 OK in 34ms (Views: 30.3ms | ActiveRecord: 0.0ms)


Started GET "/blogs/new" for ::1 at 2019-10-23 17:45:02 +0900
Processing by BlogsController#new as HTML
  Rendering blogs/new.html.erb within layouts/application
  Rendered blogs/new.html.erb within layouts/application (2.5ms)
Completed 200 OK in 39ms (Views: 35.2ms | ActiveRecord: 0.0ms)


Started GET "/blogs/new" for ::1 at 2019-10-23 17:45:10 +0900
Processing by BlogsController#new as HTML
  Rendering blogs/new.html.erb within layouts/application
  Rendered blogs/new.html.erb within layouts/application (2.5ms)
Completed 200 OK in 35ms (Views: 30.3ms | ActiveRecord: 0.0ms)


Started GET "/blogs/new" for ::1 at 2019-10-23 18:30:52 +0900
  [1m[35m (1.2ms)[0m  [1m[34mSELECT "schema_migrations"."version" FROM "schema_migrations" ORDER BY "schema_migrations"."version" ASC[0m
  â†³ /Users/hikichi/.rbenv/versions/2.5.0/lib/ruby/gems/2.5.0/gems/activerecord-5.2.3/lib/active_record/log_subscriber.rb:98
Processing by BlogsController#new as HTML
  Rendering blogs/new.html.erb within layouts/application
  Rendered blogs/new.html.erb within layouts/application (32.7ms)
Completed 200 OK in 270ms (Views: 244.9ms | ActiveRecord: 4.5ms)


Started GET "/blogs/new" for ::1 at 2019-10-23 18:30:57 +0900
Processing by BlogsController#new as HTML
  Rendering blogs/new.html.erb within layouts/application
  Rendered blogs/new.html.erb within layouts/application (4.0ms)
Completed 200 OK in 46ms (Views: 41.9ms | ActiveRecord: 0.0ms)


Started GET "/blogs" for ::1 at 2019-10-23 18:30:59 +0900
Processing by BlogsController#index as HTML
  [1m[36mBlog Load (0.8ms)[0m  [1m[34mSELECT "blogs".* FROM "blogs"[0m
  â†³ app/controllers/blogs_controller.rb:9
Started GET "/blogs" for ::1 at 2019-10-23 18:31:59 +0900
Processing by BlogsController#index as HTML
  [1m[36mBlog Load (0.5ms)[0m  [1m[34mSELECT  "blogs".* FROM "blogs" LIMIT $1[0m  [["LIMIT", 11]]
  â†³ app/controllers/blogs_controller.rb:9
  [1m[36mCACHE Blog Load (0.0ms)[0m  [1m[34mSELECT  "blogs".* FROM "blogs" LIMIT $1[0m  [["LIMIT", 11]]
  â†³ app/controllers/blogs_controller.rb:9
  Rendering blogs/index.html.erb within layouts/application
  [1m[36mBlog Load (0.9ms)[0m  [1m[34mSELECT "blogs".* FROM "blogs"[0m
  â†³ app/views/blogs/index.html.erb:9
  Rendered blogs/index.html.erb within layouts/application (4.2ms)
Completed 200 OK in 33812ms (Views: 40.3ms | ActiveRecord: 1.8ms)


  Rendering blogs/index.html.erb within layouts/application
  [1m[36mCACHE Blog Load (0.0ms)[0m  [1m[34mSELECT "blogs".* FROM "blogs"[0m
  â†³ app/views/blogs/index.html.erb:9
  Rendered blogs/index.html.erb within layouts/application (2.0ms)
Completed 200 OK in 371063ms (Views: 34.2ms | ActiveRecord: 0.8ms)


Started GET "/blogs" for ::1 at 2019-10-23 18:38:51 +0900
  [1m[35m (0.6ms)[0m  [1m[34mSELECT "schema_migrations"."version" FROM "schema_migrations" ORDER BY "schema_migrations"."version" ASC[0m
  â†³ /Users/hikichi/.rbenv/versions/2.5.0/lib/ruby/gems/2.5.0/gems/activerecord-5.2.3/lib/active_record/log_subscriber.rb:98
Processing by BlogsController#index as HTML
Completed 500 Internal Server Error in 15ms (ActiveRecord: 0.0ms)



RuntimeError - :
  app/controllers/blogs_controller.rb:8:in `index'

Started POST "/__better_errors/6509158221f44e17/variables" for ::1 at 2019-10-23 18:38:51 +0900
  [1m[36mBlog Load (0.5ms)[0m  [1m[34mSELECT  "blogs".* FROM "blogs" LIMIT $1[0m  [["LIMIT", 11]]
  â†³ /Users/hikichi/.rbenv/versions/2.5.0/lib/ruby/gems/2.5.0/gems/activerecord-5.2.3/lib/active_record/log_subscriber.rb:98
  [1m[36mCACHE Blog Load (0.0ms)[0m  [1m[34mSELECT  "blogs".* FROM "blogs" LIMIT $1[0m  [["LIMIT", 11]]
  â†³ /Users/hikichi/.rbenv/versions/2.5.0/lib/ruby/gems/2.5.0/gems/activerecord-5.2.3/lib/active_record/log_subscriber.rb:98
  [1m[36mCACHE Blog Load (0.0ms)[0m  [1m[34mSELECT  "blogs".* FROM "blogs" LIMIT $1[0m  [["LIMIT", 11]]
  â†³ /Users/hikichi/.rbenv/versions/2.5.0/lib/ruby/gems/2.5.0/gems/activerecord-5.2.3/lib/active_record/log_subscriber.rb:98
  [1m[36mCACHE Blog Load (0.0ms)[0m  [1m[34mSELECT  "blogs".* FROM "blogs" LIMIT $1[0m  [["LIMIT", 11]]
  â†³ /Users/hikichi/.rbenv/versions/2.5.0/lib/ruby/gems/2.5.0/gems/activerecord-5.2.3/lib/active_record/log_subscriber.rb:98
Started GET "/blogs" for ::1 at 2019-10-23 18:47:46 +0900
  [1m[35m (0.6ms)[0m  [1m[34mSELECT "schema_migrations"."version" FROM "schema_migrations" ORDER BY "schema_migrations"."version" ASC[0m
  â†³ /Users/hikichi/.rbenv/versions/2.5.0/lib/ruby/gems/2.5.0/gems/activerecord-5.2.3/lib/active_record/log_subscriber.rb:98
Processing by BlogsController#index as HTML
  Rendering blogs/index.html.erb within layouts/application
  [1m[36mBlog Load (0.5ms)[0m  [1m[34mSELECT "blogs".* FROM "blogs"[0m
  â†³ app/views/blogs/index.html.erb:9
  Rendered blogs/index.html.erb within layouts/application (20.8ms)
Completed 200 OK in 247ms (Views: 223.4ms | ActiveRecord: 8.8ms)


Started GET "/blogs/1/edit" for ::1 at 2019-10-23 18:47:48 +0900
Processing by BlogsController#edit as HTML
  Parameters: {"id"=>"1"}
  [1m[36mBlog Load (0.5ms)[0m  [1m[34mSELECT  "blogs".* FROM "blogs" WHERE "blogs"."id" = $1 LIMIT $2[0m  [["id", 1], ["LIMIT", 1]]
  â†³ app/controllers/blogs_controller.rb:44
  Rendering blogs/edit.html.erb within layouts/application
  Rendered blogs/edit.html.erb within layouts/application (1.2ms)
Completed 500 Internal Server Error in 67ms (ActiveRecord: 44.7ms)



SyntaxError - syntax error, unexpected end-of-input, expecting keyword_end
          end
             ^:
  app/views/blogs/edit.html.erb:6:in `'

Started POST "/__better_errors/04e7d453437af564/variables" for ::1 at 2019-10-23 18:47:48 +0900
Started GET "/blogs" for ::1 at 2019-10-23 18:47:59 +0900
Processing by BlogsController#index as HTML
  Rendering blogs/index.html.erb within layouts/application
  [1m[36mBlog Load (0.4ms)[0m  [1m[34mSELECT "blogs".* FROM "blogs"[0m
  â†³ app/views/blogs/index.html.erb:9
  Rendered blogs/index.html.erb within layouts/application (3.1ms)
Completed 200 OK in 62ms (Views: 53.8ms | ActiveRecord: 0.4ms)


Started GET "/blogs/1" for ::1 at 2019-10-23 18:48:01 +0900
Processing by BlogsController#show as HTML
  Parameters: {"id"=>"1"}
  [1m[36mBlog Load (0.4ms)[0m  [1m[34mSELECT  "blogs".* FROM "blogs" WHERE "blogs"."id" = $1 LIMIT $2[0m  [["id", 1], ["LIMIT", 1]]
  â†³ app/controllers/blogs_controller.rb:14
  Rendering blogs/show.html.erb within layouts/application
  Rendered blogs/show.html.erb within layouts/application (0.7ms)
Completed 200 OK in 61ms (Views: 52.3ms | ActiveRecord: 0.4ms)


Started GET "/blogs/1/edit" for ::1 at 2019-10-23 18:48:03 +0900
Processing by BlogsController#edit as HTML
  Parameters: {"id"=>"1"}
  [1m[36mBlog Load (14.1ms)[0m  [1m[34mSELECT  "blogs".* FROM "blogs" WHERE "blogs"."id" = $1 LIMIT $2[0m  [["id", 1], ["LIMIT", 1]]
  â†³ app/controllers/blogs_controller.rb:44
  Rendering blogs/edit.html.erb within layouts/application
  Rendered blogs/edit.html.erb within layouts/application (2.0ms)
Completed 500 Internal Server Error in 36ms (ActiveRecord: 14.1ms)



SyntaxError - syntax error, unexpected end-of-input, expecting keyword_end
          end
             ^:
  app/views/blogs/edit.html.erb:6:in `'

Started POST "/__better_errors/af604e70331ab7b6/variables" for ::1 at 2019-10-23 18:48:03 +0900
Started GET "/blogs" for ::1 at 2019-10-23 18:50:48 +0900
  [1m[35m (0.6ms)[0m  [1m[34mSELECT "schema_migrations"."version" FROM "schema_migrations" ORDER BY "schema_migrations"."version" ASC[0m
  â†³ /Users/hikichi/.rbenv/versions/2.5.0/lib/ruby/gems/2.5.0/gems/activerecord-5.2.3/lib/active_record/log_subscriber.rb:98
Processing by BlogsController#index as HTML
  Rendering blogs/index.html.erb within layouts/application
  [1m[36mBlog Load (0.5ms)[0m  [1m[34mSELECT "blogs".* FROM "blogs"[0m
  â†³ app/views/blogs/index.html.erb:9
  Rendered blogs/index.html.erb within layouts/application (18.2ms)
Completed 200 OK in 237ms (Views: 214.8ms | ActiveRecord: 6.7ms)


Started GET "/blogs" for ::1 at 2019-10-23 18:50:51 +0900
Processing by BlogsController#index as HTML
  Rendering blogs/index.html.erb within layouts/application
  [1m[36mBlog Load (0.3ms)[0m  [1m[34mSELECT "blogs".* FROM "blogs"[0m
  â†³ app/views/blogs/index.html.erb:9
  Rendered blogs/index.html.erb within layouts/application (3.2ms)
Completed 200 OK in 41ms (Views: 37.0ms | ActiveRecord: 0.3ms)


Started GET "/blogs/1/edit" for ::1 at 2019-10-23 18:50:53 +0900
Processing by BlogsController#edit as HTML
  Parameters: {"id"=>"1"}
  [1m[36mBlog Load (0.5ms)[0m  [1m[34mSELECT  "blogs".* FROM "blogs" WHERE "blogs"."id" = $1 LIMIT $2[0m  [["id", 1], ["LIMIT", 1]]
  â†³ app/controllers/blogs_controller.rb:44
  Rendering blogs/edit.html.erb within layouts/application
  Rendered blogs/edit.html.erb within layouts/application (18.3ms)
Completed 200 OK in 97ms (Views: 48.5ms | ActiveRecord: 33.1ms)


Started PATCH "/blogs/1" for ::1 at 2019-10-23 18:50:55 +0900
Processing by BlogsController#update as HTML
  Parameters: {"utf8"=>"âœ“", "authenticity_token"=>"rYsh/2hjDzxdToCJhQcMivME006Lq6hNx+p8cYBjPqFTorsjtCZ6quKdy+duzb1BhUlfLi92S+1cdbfbSp6ruQ==", "blog"=>{"title"=>"Hello!", "content"=>"Today is ..."}, "commit"=>"Update Blog", "id"=>"1"}
  [1m[36mBlog Load (1.0ms)[0m  [1m[34mSELECT  "blogs".* FROM "blogs" WHERE "blogs"."id" = $1 LIMIT $2[0m  [["id", 1], ["LIMIT", 1]]
  â†³ app/controllers/blogs_controller.rb:48
  [1m[35m (0.7ms)[0m  [1m[35mBEGIN[0m
  â†³ app/controllers/blogs_controller.rb:49
  [1m[35m (0.9ms)[0m  [1m[35mCOMMIT[0m
  â†³ app/controllers/blogs_controller.rb:49
Redirected to http://localhost:3000/blogs
Completed 302 Found in 9ms (ActiveRecord: 2.5ms)


Started GET "/blogs" for ::1 at 2019-10-23 18:50:55 +0900
Processing by BlogsController#index as HTML
  Rendering blogs/index.html.erb within layouts/application
  [1m[36mBlog Load (0.6ms)[0m  [1m[34mSELECT "blogs".* FROM "blogs"[0m
  â†³ app/views/blogs/index.html.erb:9
  Rendered blogs/index.html.erb within layouts/application (4.6ms)
Completed 200 OK in 86ms (Views: 81.3ms | ActiveRecord: 0.6ms)


Started GET "/blogs/1/edit" for ::1 at 2019-10-23 18:50:56 +0900
Processing by BlogsController#edit as HTML
  Parameters: {"id"=>"1"}
  [1m[36mBlog Load (32.9ms)[0m  [1m[34mSELECT  "blogs".* FROM "blogs" WHERE "blogs"."id" = $1 LIMIT $2[0m  [["id", 1], ["LIMIT", 1]]
  â†³ app/controllers/blogs_controller.rb:44
  Rendering blogs/edit.html.erb within layouts/application
  Rendered blogs/edit.html.erb within layouts/application (3.7ms)
Completed 200 OK in 80ms (Views: 37.9ms | ActiveRecord: 32.9ms)


Started PATCH "/blogs/1" for ::1 at 2019-10-23 18:50:59 +0900
Processing by BlogsController#update as HTML
  Parameters: {"utf8"=>"âœ“", "authenticity_token"=>"5v7pndA65TA+oQ+eeXSLOfamtqUYRJpsT14lwPafsd8Y13NBDH+QpoFyRPCSvjrygOs6xbyZeczUwe5qPGIkxw==", "blog"=>{"title"=>"Hello!", "content"=>"Today is ...aaa"}, "commit"=>"Update Blog", "id"=>"1"}
  [1m[36mBlog Load (0.5ms)[0m  [1m[34mSELECT  "blogs".* FROM "blogs" WHERE "blogs"."id" = $1 LIMIT $2[0m  [["id", 1], ["LIMIT", 1]]
  â†³ app/controllers/blogs_controller.rb:48
  [1m[35m (0.3ms)[0m  [1m[35mBEGIN[0m
  â†³ app/controllers/blogs_controller.rb:49
  [1m[36mBlog Update (0.7ms)[0m  [1m[33mUPDATE "blogs" SET "content" = $1 WHERE "blogs"."id" = $2[0m  [["content", "Today is ...aaa"], ["id", 1]]
  â†³ app/controllers/blogs_controller.rb:49
  [1m[35m (1.4ms)[0m  [1m[35mCOMMIT[0m
  â†³ app/controllers/blogs_controller.rb:49
Redirected to http://localhost:3000/blogs
Completed 302 Found in 10ms (ActiveRecord: 2.9ms)


Started GET "/blogs" for ::1 at 2019-10-23 18:50:59 +0900
Processing by BlogsController#index as HTML
  Rendering blogs/index.html.erb within layouts/application
  [1m[36mBlog Load (1.0ms)[0m  [1m[34mSELECT "blogs".* FROM "blogs"[0m
  â†³ app/views/blogs/index.html.erb:9
  Rendered blogs/index.html.erb within layouts/application (4.3ms)
Completed 200 OK in 47ms (Views: 43.1ms | ActiveRecord: 1.0ms)


Started GET "/blogs" for ::1 at 2019-10-23 18:58:46 +0900
  [1m[35m (0.6ms)[0m  [1m[34mSELECT "schema_migrations"."version" FROM "schema_migrations" ORDER BY "schema_migrations"."version" ASC[0m
  â†³ /Users/hikichi/.rbenv/versions/2.5.0/lib/ruby/gems/2.5.0/gems/activerecord-5.2.3/lib/active_record/log_subscriber.rb:98
Processing by BlogsController#index as HTML
  Rendering blogs/index.html.erb within layouts/application
  [1m[36mBlog Load (0.5ms)[0m  [1m[34mSELECT "blogs".* FROM "blogs"[0m
  â†³ app/views/blogs/index.html.erb:9
  Rendered blogs/index.html.erb within layouts/application (16.0ms)
Completed 200 OK in 235ms (Views: 213.9ms | ActiveRecord: 5.4ms)


Started GET "/blogs/new" for ::1 at 2019-10-23 18:58:54 +0900
Processing by BlogsController#new as HTML
  Rendering blogs/new.html.erb within layouts/application
  Rendered blogs/_form.html.erb (13.1ms)
  Rendered blogs/new.html.erb within layouts/application (16.5ms)
Completed 200 OK in 57ms (Views: 51.6ms | ActiveRecord: 0.0ms)


Started GET "/blogs" for ::1 at 2019-10-23 18:58:56 +0900
Processing by BlogsController#index as HTML
  Rendering blogs/index.html.erb within layouts/application
  [1m[36mBlog Load (1.2ms)[0m  [1m[34mSELECT "blogs".* FROM "blogs"[0m
  â†³ app/views/blogs/index.html.erb:9
  Rendered blogs/index.html.erb within layouts/application (4.9ms)
Completed 200 OK in 41ms (Views: 34.0ms | ActiveRecord: 1.2ms)


Started GET "/blogs/2" for ::1 at 2019-10-23 18:58:57 +0900
Processing by BlogsController#show as HTML
  Parameters: {"id"=>"2"}
  [1m[36mBlog Load (0.6ms)[0m  [1m[34mSELECT  "blogs".* FROM "blogs" WHERE "blogs"."id" = $1 LIMIT $2[0m  [["id", 2], ["LIMIT", 1]]
  â†³ app/controllers/blogs_controller.rb:71
  [1m[36mCACHE Blog Load (0.0ms)[0m  [1m[34mSELECT  "blogs".* FROM "blogs" WHERE "blogs"."id" = $1 LIMIT $2[0m  [["id", 2], ["LIMIT", 1]]
  â†³ app/controllers/blogs_controller.rb:19
  Rendering blogs/show.html.erb within layouts/application
  Rendered blogs/show.html.erb within layouts/application (0.7ms)
Completed 200 OK in 72ms (Views: 54.6ms | ActiveRecord: 5.3ms)


Started GET "/blogs/3/edit" for ::1 at 2019-10-23 18:59:02 +0900
Processing by BlogsController#edit as HTML
  Parameters: {"id"=>"3"}
  [1m[36mBlog Load (37.6ms)[0m  [1m[34mSELECT  "blogs".* FROM "blogs" WHERE "blogs"."id" = $1 LIMIT $2[0m  [["id", 3], ["LIMIT", 1]]
  â†³ app/controllers/blogs_controller.rb:71
  [1m[36mCACHE Blog Load (0.0ms)[0m  [1m[34mSELECT  "blogs".* FROM "blogs" WHERE "blogs"."id" = $1 LIMIT $2[0m  [["id", 3], ["LIMIT", 1]]
  â†³ app/controllers/blogs_controller.rb:49
  Rendering blogs/edit.html.erb within layouts/application
  Rendered blogs/edit.html.erb within layouts/application (24.3ms)
Completed 200 OK in 115ms (Views: 65.8ms | ActiveRecord: 37.6ms)


Started PATCH "/blogs/3" for ::1 at 2019-10-23 18:59:09 +0900
Processing by BlogsController#update as HTML
  Parameters: {"utf8"=>"âœ“", "authenticity_token"=>"765zwKIbo6ZlJeKMmgbFdjdb7YEjAJbCSKMQss/21aEeh8DFjEHogmIo5HNmK8TIG+xwk4O9ZmIj4QzLilKchA==", "blog"=>{"title"=>"aaaaaaaa", "content"=>"ã‚„ã£ãŸã­"}, "commit"=>"Update Blog", "id"=>"3"}
  [1m[36mBlog Load (0.4ms)[0m  [1m[34mSELECT  "blogs".* FROM "blogs" WHERE "blogs"."id" = $1 LIMIT $2[0m  [["id", 3], ["LIMIT", 1]]
  â†³ app/controllers/blogs_controller.rb:71
  [1m[36mCACHE Blog Load (0.0ms)[0m  [1m[34mSELECT  "blogs".* FROM "blogs" WHERE "blogs"."id" = $1 LIMIT $2[0m  [["id", 3], ["LIMIT", 1]]
  â†³ app/controllers/blogs_controller.rb:53
  [1m[35m (0.4ms)[0m  [1m[35mBEGIN[0m
  â†³ app/controllers/blogs_controller.rb:54
  [1m[36mBlog Update (0.5ms)[0m  [1m[33mUPDATE "blogs" SET "content" = $1 WHERE "blogs"."id" = $2[0m  [["content", "ã‚„ã£ãŸã­"], ["id", 3]]
  â†³ app/controllers/blogs_controller.rb:54
  [1m[35m (0.9ms)[0m  [1m[35mCOMMIT[0m
  â†³ app/controllers/blogs_controller.rb:54
Redirected to http://localhost:3000/blogs
Completed 302 Found in 9ms (ActiveRecord: 2.2ms)


Started GET "/blogs" for ::1 at 2019-10-23 18:59:09 +0900
Processing by BlogsController#index as HTML
  Rendering blogs/index.html.erb within layouts/application
  [1m[36mBlog Load (0.4ms)[0m  [1m[34mSELECT "blogs".* FROM "blogs"[0m
  â†³ app/views/blogs/index.html.erb:9
  Rendered blogs/index.html.erb within layouts/application (3.5ms)
Completed 200 OK in 39ms (Views: 35.4ms | ActiveRecord: 0.4ms)


Started GET "/blogs/new" for ::1 at 2019-10-23 18:59:11 +0900
Processing by BlogsController#new as HTML
  Rendering blogs/new.html.erb within layouts/application
  Rendered blogs/_form.html.erb (5.8ms)
  Rendered blogs/new.html.erb within layouts/application (14.9ms)
Completed 200 OK in 82ms (Views: 78.2ms | ActiveRecord: 0.0ms)


Started POST "/blogs" for ::1 at 2019-10-23 18:59:16 +0900
Processing by BlogsController#create as HTML
  Parameters: {"utf8"=>"âœ“", "authenticity_token"=>"hUNuGvVq0tnlIhDsd+53UxyQImrch2G8hHm2PYI/1fDQg54WEHSxeQz/tclaHzdKU4N0+FzDJB9itu+HAcPwaQ==", "blog"=>{"title"=>"ã‚ã‚ã‚", "content"=>"ã„ã„ã„"}, "commit"=>"Create Blog"}
  [1m[35m (0.4ms)[0m  [1m[35mBEGIN[0m
  â†³ app/controllers/blogs_controller.rb:34
  [1m[36mBlog Create (0.8ms)[0m  [1m[32mINSERT INTO "blogs" ("title", "content") VALUES ($1, $2) RETURNING "id"[0m  [["title", "ã‚ã‚ã‚"], ["content", "ã„ã„ã„"]]
  â†³ app/controllers/blogs_controller.rb:34
  [1m[35m (0.7ms)[0m  [1m[35mCOMMIT[0m
  â†³ app/controllers/blogs_controller.rb:34
  [1m[35m (0.2ms)[0m  [1m[35mBEGIN[0m
  â†³ app/controllers/blogs_controller.rb:37
  [1m[35m (0.2ms)[0m  [1m[35mCOMMIT[0m
  â†³ app/controllers/blogs_controller.rb:37
Redirected to http://localhost:3000/blogs/new
Completed 302 Found in 9ms (ActiveRecord: 2.2ms)


Started GET "/blogs/new" for ::1 at 2019-10-23 18:59:16 +0900
Processing by BlogsController#new as HTML
  Rendering blogs/new.html.erb within layouts/application
  Rendered blogs/_form.html.erb (4.9ms)
  Rendered blogs/new.html.erb within layouts/application (9.7ms)
Completed 200 OK in 84ms (Views: 78.6ms | ActiveRecord: 0.0ms)


Started GET "/blogs" for ::1 at 2019-10-23 18:59:17 +0900
Processing by BlogsController#index as HTML
  Rendering blogs/index.html.erb within layouts/application
  [1m[36mBlog Load (21.1ms)[0m  [1m[34mSELECT "blogs".* FROM "blogs"[0m
  â†³ app/views/blogs/index.html.erb:9
  Rendered blogs/index.html.erb within layouts/application (27.2ms)
Completed 200 OK in 88ms (Views: 63.3ms | ActiveRecord: 21.1ms)


Started GET "/blogs" for ::1 at 2019-10-23 19:00:10 +0900
Processing by BlogsController#index as HTML
  Rendering blogs/index.html.erb within layouts/application
  [1m[36mBlog Load (0.4ms)[0m  [1m[34mSELECT "blogs".* FROM "blogs"[0m
  â†³ app/views/blogs/index.html.erb:9
  Rendered blogs/index.html.erb within layouts/application (4.5ms)
Completed 200 OK in 60ms (Views: 55.9ms | ActiveRecord: 0.4ms)


Started GET "/blogs" for ::1 at 2019-10-23 19:00:23 +0900
  [1m[35m (0.7ms)[0m  [1m[34mSELECT "schema_migrations"."version" FROM "schema_migrations" ORDER BY "schema_migrations"."version" ASC[0m
  â†³ /Users/hikichi/.rbenv/versions/2.5.0/lib/ruby/gems/2.5.0/gems/activerecord-5.2.3/lib/active_record/log_subscriber.rb:98
Processing by BlogsController#index as HTML
  Rendering blogs/index.html.erb within layouts/application
  [1m[36mBlog Load (1.0ms)[0m  [1m[34mSELECT "blogs".* FROM "blogs"[0m
  â†³ app/views/blogs/index.html.erb:9
  Rendered blogs/index.html.erb within layouts/application (19.3ms)
Completed 200 OK in 235ms (Views: 213.2ms | ActiveRecord: 6.0ms)


Started GET "/blogs/new" for ::1 at 2019-10-23 19:00:25 +0900
Processing by BlogsController#new as HTML
  Rendering blogs/new.html.erb within layouts/application
  Rendered blogs/_form.html.erb (24.1ms)
  Rendered blogs/new.html.erb within layouts/application (32.0ms)
Completed 200 OK in 81ms (Views: 71.9ms | ActiveRecord: 0.0ms)


Started POST "/blogs" for ::1 at 2019-10-23 19:00:32 +0900
Processing by BlogsController#create as HTML
  Parameters: {"utf8"=>"âœ“", "authenticity_token"=>"H63Q1LzzQpTsz+DL4yy0VCaD47/MDWU0E2k3/m/XdgpKbSDYWe0hNAUSRe7O3fRNaZC1LUxJIJf1pm5E7CtTkw==", "blog"=>{"title"=>"ã‚µãƒ³ãƒ—ãƒ«", "content"=>"ãƒ†ã‚¹ãƒˆ"}, "commit"=>"Create Blog"}
  [1m[35m (0.4ms)[0m  [1m[35mBEGIN[0m
  â†³ app/controllers/blogs_controller.rb:34
  [1m[36mBlog Create (0.6ms)[0m  [1m[32mINSERT INTO "blogs" ("title", "content") VALUES ($1, $2) RETURNING "id"[0m  [["title", "ã‚µãƒ³ãƒ—ãƒ«"], ["content", "ãƒ†ã‚¹ãƒˆ"]]
  â†³ app/controllers/blogs_controller.rb:34
  [1m[35m (1.0ms)[0m  [1m[35mCOMMIT[0m
  â†³ app/controllers/blogs_controller.rb:34
  [1m[35m (0.3ms)[0m  [1m[35mBEGIN[0m
  â†³ app/controllers/blogs_controller.rb:37
  [1m[35m (0.2ms)[0m  [1m[35mCOMMIT[0m
  â†³ app/controllers/blogs_controller.rb:37
Redirected to http://localhost:3000/blogs/new
Completed 302 Found in 10ms (ActiveRecord: 2.4ms)


Started GET "/blogs/new" for ::1 at 2019-10-23 19:00:32 +0900
Processing by BlogsController#new as HTML
  Rendering blogs/new.html.erb within layouts/application
  Rendered blogs/_form.html.erb (3.4ms)
  Rendered blogs/new.html.erb within layouts/application (6.8ms)
Completed 200 OK in 40ms (Views: 36.8ms | ActiveRecord: 0.0ms)


Started GET "/blogs" for ::1 at 2019-10-23 19:00:33 +0900
Processing by BlogsController#index as HTML
  Rendering blogs/index.html.erb within layouts/application
  [1m[36mBlog Load (25.0ms)[0m  [1m[34mSELECT "blogs".* FROM "blogs"[0m
  â†³ app/views/blogs/index.html.erb:9
  Rendered blogs/index.html.erb within layouts/application (29.8ms)
Completed 200 OK in 127ms (Views: 93.5ms | ActiveRecord: 25.0ms)


Started GET "/blogs/8" for ::1 at 2019-10-23 19:00:35 +0900
Processing by BlogsController#show as HTML
  Parameters: {"id"=>"8"}
  [1m[36mBlog Load (0.9ms)[0m  [1m[34mSELECT  "blogs".* FROM "blogs" WHERE "blogs"."id" = $1 LIMIT $2[0m  [["id", 8], ["LIMIT", 1]]
  â†³ app/controllers/blogs_controller.rb:71
  [1m[36mCACHE Blog Load (0.0ms)[0m  [1m[34mSELECT  "blogs".* FROM "blogs" WHERE "blogs"."id" = $1 LIMIT $2[0m  [["id", 8], ["LIMIT", 1]]
  â†³ app/controllers/blogs_controller.rb:19
  Rendering blogs/show.html.erb within layouts/application
  Rendered blogs/show.html.erb within layouts/application (0.7ms)
Completed 200 OK in 77ms (Views: 39.2ms | ActiveRecord: 26.6ms)


Started GET "/blogs/8/edit" for ::1 at 2019-10-23 19:00:38 +0900
Processing by BlogsController#edit as HTML
  Parameters: {"id"=>"8"}
  [1m[36mBlog Load (1.0ms)[0m  [1m[34mSELECT  "blogs".* FROM "blogs" WHERE "blogs"."id" = $1 LIMIT $2[0m  [["id", 8], ["LIMIT", 1]]
  â†³ app/controllers/blogs_controller.rb:71
  [1m[36mCACHE Blog Load (0.1ms)[0m  [1m[34mSELECT  "blogs".* FROM "blogs" WHERE "blogs"."id" = $1 LIMIT $2[0m  [["id", 8], ["LIMIT", 1]]
  â†³ app/controllers/blogs_controller.rb:49
  Rendering blogs/edit.html.erb within layouts/application
  Rendered blogs/_form.html.erb (3.2ms)
  Rendered blogs/edit.html.erb within layouts/application (6.4ms)
Completed 200 OK in 69ms (Views: 53.7ms | ActiveRecord: 1.1ms)


Started PATCH "/blogs/8" for ::1 at 2019-10-23 19:00:43 +0900
Processing by BlogsController#update as HTML
  Parameters: {"utf8"=>"âœ“", "authenticity_token"=>"D1V0g/r2Mk36RGv9i9p7fpoulsC7Ex9WaRueHq3KF59B20HzOLbu/e/GBf1ChXDqez6GiONcgeA6ohSIIcwNKA==", "blog"=>{"title"=>"ã‚µãƒ³ãƒ—ãƒ«ï¼‘", "content"=>"ãƒ†ã‚¹ãƒˆï¼’"}, "commit"=>"Update Blog", "id"=>"8"}
  [1m[36mBlog Load (0.4ms)[0m  [1m[34mSELECT  "blogs".* FROM "blogs" WHERE "blogs"."id" = $1 LIMIT $2[0m  [["id", 8], ["LIMIT", 1]]
  â†³ app/controllers/blogs_controller.rb:71
  [1m[36mCACHE Blog Load (0.0ms)[0m  [1m[34mSELECT  "blogs".* FROM "blogs" WHERE "blogs"."id" = $1 LIMIT $2[0m  [["id", 8], ["LIMIT", 1]]
  â†³ app/controllers/blogs_controller.rb:53
  [1m[35m (0.4ms)[0m  [1m[35mBEGIN[0m
  â†³ app/controllers/blogs_controller.rb:54
  [1m[36mBlog Update (0.7ms)[0m  [1m[33mUPDATE "blogs" SET "title" = $1, "content" = $2 WHERE "blogs"."id" = $3[0m  [["title", "ã‚µãƒ³ãƒ—ãƒ«ï¼‘"], ["content", "ãƒ†ã‚¹ãƒˆï¼’"], ["id", 8]]
  â†³ app/controllers/blogs_controller.rb:54
  [1m[35m (0.6ms)[0m  [1m[35mCOMMIT[0m
  â†³ app/controllers/blogs_controller.rb:54
Redirected to http://localhost:3000/blogs
Completed 302 Found in 10ms (ActiveRecord: 2.1ms)


Started GET "/blogs" for ::1 at 2019-10-23 19:00:43 +0900
Processing by BlogsController#index as HTML
  Rendering blogs/index.html.erb within layouts/application
  [1m[36mBlog Load (0.4ms)[0m  [1m[34mSELECT "blogs".* FROM "blogs"[0m
  â†³ app/views/blogs/index.html.erb:9
  Rendered blogs/index.html.erb within layouts/application (3.7ms)
Completed 200 OK in 43ms (Views: 38.9ms | ActiveRecord: 0.4ms)


Started GET "/contacts/new" for ::1 at 2019-10-27 11:37:17 +0900
  [1m[35m (6.4ms)[0m  [1m[34mSELECT "schema_migrations"."version" FROM "schema_migrations" ORDER BY "schema_migrations"."version" ASC[0m
  â†³ /Users/hikichi/.rbenv/versions/2.5.0/lib/ruby/gems/2.5.0/gems/activerecord-5.2.3/lib/active_record/log_subscriber.rb:98
  
ActionController::RoutingError (No route matches [GET] "/contacts/new"):
  
actionpack (5.2.3) lib/action_dispatch/middleware/debug_exceptions.rb:65:in `call'
web-console (3.7.0) lib/web_console/middleware.rb:135:in `call_app'
web-console (3.7.0) lib/web_console/middleware.rb:30:in `block in call'
web-console (3.7.0) lib/web_console/middleware.rb:20:in `catch'
web-console (3.7.0) lib/web_console/middleware.rb:20:in `call'
actionpack (5.2.3) lib/action_dispatch/middleware/show_exceptions.rb:33:in `call'
railties (5.2.3) lib/rails/rack/logger.rb:38:in `call_app'
railties (5.2.3) lib/rails/rack/logger.rb:26:in `block in call'
activesupport (5.2.3) lib/active_support/tagged_logging.rb:71:in `block in tagged'
activesupport (5.2.3) lib/active_support/tagged_logging.rb:28:in `tagged'
activesupport (5.2.3) lib/active_support/tagged_logging.rb:71:in `tagged'
railties (5.2.3) lib/rails/rack/logger.rb:26:in `call'
sprockets-rails (3.2.1) lib/sprockets/rails/quiet_assets.rb:13:in `call'
actionpack (5.2.3) lib/action_dispatch/middleware/remote_ip.rb:81:in `call'
actionpack (5.2.3) lib/action_dispatch/middleware/request_id.rb:27:in `call'
rack (2.0.7) lib/rack/method_override.rb:22:in `call'
rack (2.0.7) lib/rack/runtime.rb:22:in `call'
activesupport (5.2.3) lib/active_support/cache/strategy/local_cache_middleware.rb:29:in `call'
actionpack (5.2.3) lib/action_dispatch/middleware/executor.rb:14:in `call'
actionpack (5.2.3) lib/action_dispatch/middleware/static.rb:127:in `call'
rack (2.0.7) lib/rack/sendfile.rb:111:in `call'
railties (5.2.3) lib/rails/engine.rb:524:in `call'
puma (3.12.1) lib/puma/configuration.rb:227:in `call'
puma (3.12.1) lib/puma/server.rb:660:in `handle_request'
puma (3.12.1) lib/puma/server.rb:474:in `process_client'
puma (3.12.1) lib/puma/server.rb:334:in `block in run'
puma (3.12.1) lib/puma/thread_pool.rb:135:in `block in spawn_thread'
Started GET "/sample" for ::1 at 2019-10-27 11:37:24 +0900
  
ActionController::RoutingError (No route matches [GET] "/sample"):
  
actionpack (5.2.3) lib/action_dispatch/middleware/debug_exceptions.rb:65:in `call'
web-console (3.7.0) lib/web_console/middleware.rb:135:in `call_app'
web-console (3.7.0) lib/web_console/middleware.rb:30:in `block in call'
web-console (3.7.0) lib/web_console/middleware.rb:20:in `catch'
web-console (3.7.0) lib/web_console/middleware.rb:20:in `call'
actionpack (5.2.3) lib/action_dispatch/middleware/show_exceptions.rb:33:in `call'
railties (5.2.3) lib/rails/rack/logger.rb:38:in `call_app'
railties (5.2.3) lib/rails/rack/logger.rb:26:in `block in call'
activesupport (5.2.3) lib/active_support/tagged_logging.rb:71:in `block in tagged'
activesupport (5.2.3) lib/active_support/tagged_logging.rb:28:in `tagged'
activesupport (5.2.3) lib/active_support/tagged_logging.rb:71:in `tagged'
railties (5.2.3) lib/rails/rack/logger.rb:26:in `call'
sprockets-rails (3.2.1) lib/sprockets/rails/quiet_assets.rb:13:in `call'
actionpack (5.2.3) lib/action_dispatch/middleware/remote_ip.rb:81:in `call'
actionpack (5.2.3) lib/action_dispatch/middleware/request_id.rb:27:in `call'
rack (2.0.7) lib/rack/method_override.rb:22:in `call'
rack (2.0.7) lib/rack/runtime.rb:22:in `call'
activesupport (5.2.3) lib/active_support/cache/strategy/local_cache_middleware.rb:29:in `call'
actionpack (5.2.3) lib/action_dispatch/middleware/executor.rb:14:in `call'
actionpack (5.2.3) lib/action_dispatch/middleware/static.rb:127:in `call'
rack (2.0.7) lib/rack/sendfile.rb:111:in `call'
railties (5.2.3) lib/rails/engine.rb:524:in `call'
puma (3.12.1) lib/puma/configuration.rb:227:in `call'
puma (3.12.1) lib/puma/server.rb:660:in `handle_request'
puma (3.12.1) lib/puma/server.rb:474:in `process_client'
puma (3.12.1) lib/puma/server.rb:334:in `block in run'
puma (3.12.1) lib/puma/thread_pool.rb:135:in `block in spawn_thread'
Started GET "/blogs/new" for ::1 at 2019-10-27 11:37:51 +0900
Processing by BlogsController#new as HTML
  Rendering blogs/new.html.erb within layouts/application
  Rendered blogs/_form.html.erb (12.0ms)
  Rendered blogs/new.html.erb within layouts/application (16.2ms)
Completed 200 OK in 408ms (Views: 359.5ms | ActiveRecord: 30.7ms)


Started GET "/blogs" for ::1 at 2019-10-27 11:37:55 +0900
Processing by BlogsController#index as HTML
  Rendering blogs/index.html.erb within layouts/application
  [1m[36mBlog Load (22.1ms)[0m  [1m[34mSELECT "blogs".* FROM "blogs"[0m
  â†³ app/views/blogs/index.html.erb:9
  Rendered blogs/index.html.erb within layouts/application (28.3ms)
Completed 200 OK in 76ms (Views: 40.3ms | ActiveRecord: 22.1ms)


Started GET "/blogs/1/edit" for ::1 at 2019-10-27 11:38:02 +0900
Processing by BlogsController#edit as HTML
  Parameters: {"id"=>"1"}
  [1m[36mBlog Load (2.5ms)[0m  [1m[34mSELECT  "blogs".* FROM "blogs" WHERE "blogs"."id" = $1 LIMIT $2[0m  [["id", 1], ["LIMIT", 1]]
  â†³ app/controllers/blogs_controller.rb:71
  [1m[36mCACHE Blog Load (0.0ms)[0m  [1m[34mSELECT  "blogs".* FROM "blogs" WHERE "blogs"."id" = $1 LIMIT $2[0m  [["id", 1], ["LIMIT", 1]]
  â†³ app/controllers/blogs_controller.rb:49
  Rendering blogs/edit.html.erb within layouts/application
  Rendered blogs/_form.html.erb (3.6ms)
  Rendered blogs/edit.html.erb within layouts/application (7.7ms)
Completed 200 OK in 85ms (Views: 38.9ms | ActiveRecord: 22.0ms)


Started PATCH "/blogs/1" for ::1 at 2019-10-27 11:38:04 +0900
Processing by BlogsController#update as HTML
  Parameters: {"utf8"=>"âœ“", "authenticity_token"=>"Fi81m1pkdygOw0Uof2J5Lvgii0Jq0wAYYhDsPdY7cbJuSdRXW1Anrnf1yhALnU+/i9HBHcZd2/yiJ5tbnkdZsA==", "blog"=>{"title"=>"Hello!", "content"=>"Today is ...aaa"}, "commit"=>"Update Blog", "id"=>"1"}
  [1m[36mBlog Load (0.4ms)[0m  [1m[34mSELECT  "blogs".* FROM "blogs" WHERE "blogs"."id" = $1 LIMIT $2[0m  [["id", 1], ["LIMIT", 1]]
  â†³ app/controllers/blogs_controller.rb:71
  [1m[36mCACHE Blog Load (0.0ms)[0m  [1m[34mSELECT  "blogs".* FROM "blogs" WHERE "blogs"."id" = $1 LIMIT $2[0m  [["id", 1], ["LIMIT", 1]]
  â†³ app/controllers/blogs_controller.rb:53
  [1m[35m (0.4ms)[0m  [1m[35mBEGIN[0m
  â†³ app/controllers/blogs_controller.rb:54
  [1m[35m (0.3ms)[0m  [1m[35mCOMMIT[0m
  â†³ app/controllers/blogs_controller.rb:54
Redirected to http://localhost:3000/blogs
Completed 302 Found in 7ms (ActiveRecord: 1.0ms)


Started GET "/blogs" for ::1 at 2019-10-27 11:38:04 +0900
Processing by BlogsController#index as HTML
  Rendering blogs/index.html.erb within layouts/application
  [1m[36mBlog Load (0.4ms)[0m  [1m[34mSELECT "blogs".* FROM "blogs"[0m
  â†³ app/views/blogs/index.html.erb:9
  Rendered blogs/index.html.erb within layouts/application (3.0ms)
Completed 200 OK in 34ms (Views: 29.9ms | ActiveRecord: 0.4ms)


Started GET "/blogs/9" for ::1 at 2019-10-27 11:41:47 +0900
Processing by BlogsController#show as HTML
  Parameters: {"id"=>"9"}
  [1m[36mBlog Load (26.9ms)[0m  [1m[34mSELECT  "blogs".* FROM "blogs" WHERE "blogs"."id" = $1 LIMIT $2[0m  [["id", 9], ["LIMIT", 1]]
  â†³ app/controllers/blogs_controller.rb:71
  [1m[36mCACHE Blog Load (0.0ms)[0m  [1m[34mSELECT  "blogs".* FROM "blogs" WHERE "blogs"."id" = $1 LIMIT $2[0m  [["id", 9], ["LIMIT", 1]]
  â†³ app/controllers/blogs_controller.rb:19
  Rendering blogs/show.html.erb within layouts/application
  Rendered blogs/show.html.erb within layouts/application (0.9ms)
Completed 200 OK in 67ms (Views: 31.5ms | ActiveRecord: 27.0ms)


Started GET "/blogs/2" for ::1 at 2019-10-27 11:41:50 +0900
Processing by BlogsController#show as HTML
  Parameters: {"id"=>"2"}
  [1m[36mBlog Load (10.1ms)[0m  [1m[34mSELECT  "blogs".* FROM "blogs" WHERE "blogs"."id" = $1 LIMIT $2[0m  [["id", 2], ["LIMIT", 1]]
  â†³ app/controllers/blogs_controller.rb:71
  [1m[36mCACHE Blog Load (0.0ms)[0m  [1m[34mSELECT  "blogs".* FROM "blogs" WHERE "blogs"."id" = $1 LIMIT $2[0m  [["id", 2], ["LIMIT", 1]]
  â†³ app/controllers/blogs_controller.rb:19
  Rendering blogs/show.html.erb within layouts/application
  Rendered blogs/show.html.erb within layouts/application (0.7ms)
Completed 200 OK in 64ms (Views: 44.5ms | ActiveRecord: 10.1ms)


Started GET "/blogs/1/edit" for ::1 at 2019-10-27 11:48:15 +0900
  [1m[35m (0.6ms)[0m  [1m[34mSELECT "schema_migrations"."version" FROM "schema_migrations" ORDER BY "schema_migrations"."version" ASC[0m
  â†³ /Users/hikichi/.rbenv/versions/2.5.0/lib/ruby/gems/2.5.0/gems/activerecord-5.2.3/lib/active_record/log_subscriber.rb:98
Processing by BlogsController#edit as HTML
  Parameters: {"id"=>"1"}
  [1m[36mBlog Load (0.4ms)[0m  [1m[34mSELECT  "blogs".* FROM "blogs" WHERE "blogs"."id" = $1 LIMIT $2[0m  [["id", 1], ["LIMIT", 1]]
  â†³ app/controllers/blogs_controller.rb:74
  [1m[36mCACHE Blog Load (0.0ms)[0m  [1m[34mSELECT  "blogs".* FROM "blogs" WHERE "blogs"."id" = $1 LIMIT $2[0m  [["id", 1], ["LIMIT", 1]]
  â†³ app/controllers/blogs_controller.rb:48
  Rendering blogs/edit.html.erb within layouts/application
  Rendered blogs/_form.html.erb (14.4ms)
  Rendered blogs/edit.html.erb within layouts/application (18.5ms)
Completed 200 OK in 261ms (Views: 229.2ms | ActiveRecord: 4.8ms)


Started GET "/blogs" for ::1 at 2019-10-27 11:48:17 +0900
Processing by BlogsController#index as HTML
  Rendering blogs/index.html.erb within layouts/application
  [1m[36mBlog Load (13.1ms)[0m  [1m[34mSELECT "blogs".* FROM "blogs"[0m
  â†³ app/views/blogs/index.html.erb:9
  Rendered blogs/index.html.erb within layouts/application (19.8ms)
Completed 200 OK in 70ms (Views: 46.6ms | ActiveRecord: 13.1ms)


